SF:lib/i10n/localization.dart
DA:13,1
DA:14,5
DA:15,3
DA:18,1
DA:19,2
DA:21,1
DA:22,2
DA:23,1
DA:25,1
DA:27,1
DA:28,2
DA:30,1
DA:31,2
DA:33,1
DA:36,1
DA:40,1
DA:42,1
DA:45,1
DA:47,1
DA:50,1
DA:52,2
DA:55,1
DA:57,1
DA:60,1
DA:62,2
DA:65,1
DA:67,2
DA:70,1
DA:72,1
DA:75,1
DA:77,1
DA:80,1
DA:82,1
DA:85,1
DA:86,2
DA:88,1
DA:89,2
DA:91,1
DA:92,2
DA:94,1
DA:96,2
DA:99,1
DA:101,4
DA:104,1
DA:106,2
DA:109,1
DA:111,3
DA:114,1
DA:116,2
DA:119,1
DA:121,3
DA:127,0
DA:128,0
DA:129,0
DA:130,0
DA:133,0
DA:135,0
DA:137,0
DA:139,0
DA:141,0
DA:143,0
DA:145,0
DA:147,0
DA:151,48
DA:153,1
DA:155,2
DA:158,0
DA:160,0
DA:163,0
LF:69
LH:54
end_of_record
SF:lib/repository/http/interceptors.dart
DA:4,0
DA:6,0
DA:9,0
DA:11,0
DA:12,0
DA:14,0
DA:17,0
DA:21,0
DA:55,3
DA:57,1
DA:59,4
DA:62,1
DA:63,1
DA:64,2
DA:65,2
DA:66,2
DA:70,1
DA:71,2
DA:72,2
DA:73,2
LF:20
LH:12
end_of_record
SF:lib/models/host.dart
DA:5,1
DA:10,1
DA:11,2
DA:12,2
DA:17,1
DA:18,1
DA:19,2
DA:20,2
LF:8
LH:8
end_of_record
SF:lib/api/update.dart
DA:6,0
DA:15,0
DA:17,0
DA:18,0
DA:19,0
DA:21,0
DA:24,0
DA:29,0
DA:31,0
DA:32,0
DA:37,1
DA:41,0
DA:46,0
DA:47,0
DA:48,0
DA:50,0
DA:55,5
DA:59,0
DA:64,0
DA:65,0
DA:66,0
DA:68,0
DA:73,0
DA:78,0
DA:85,0
DA:86,0
DA:87,0
DA:89,0
DA:92,0
LF:29
LH:2
end_of_record
SF:lib/chain/provider.dart
DA:38,0
DA:40,10
DA:41,20
DA:42,20
DA:43,20
DA:44,20
DA:48,0
DA:49,0
DA:50,0
DA:51,0
DA:53,0
DA:54,0
DA:55,0
DA:58,0
DA:59,0
DA:66,0
DA:68,0
DA:70,0
DA:74,0
DA:75,0
DA:77,0
DA:102,0
DA:103,0
DA:104,0
DA:107,14
DA:108,14
DA:111,0
DA:112,0
DA:113,0
DA:114,0
DA:115,0
DA:116,0
DA:117,0
DA:123,0
DA:128,0
DA:130,0
DA:132,0
DA:133,0
DA:134,0
DA:136,0
DA:139,0
DA:143,0
DA:147,0
DA:148,0
DA:149,0
DA:150,0
DA:152,0
DA:153,0
DA:154,0
DA:155,0
DA:160,0
DA:164,0
DA:178,0
DA:179,0
DA:180,0
DA:181,0
DA:182,0
DA:183,0
DA:186,0
DA:189,0
DA:190,0
DA:192,0
DA:195,0
DA:197,0
DA:198,0
DA:199,0
DA:200,0
DA:201,0
DA:202,0
DA:203,0
DA:204,0
DA:205,0
DA:206,0
DA:208,0
DA:209,0
DA:210,0
DA:211,0
DA:212,0
DA:213,0
DA:214,0
DA:215,0
DA:216,0
DA:217,0
DA:218,0
DA:228,0
DA:229,0
DA:233,0
DA:234,0
DA:235,0
DA:237,0
DA:238,0
DA:244,0
DA:246,0
DA:247,0
DA:248,0
DA:253,0
DA:258,0
DA:265,0
DA:266,0
DA:267,0
DA:268,0
DA:269,0
DA:272,0
DA:273,0
DA:275,0
DA:276,0
DA:277,0
DA:278,0
DA:279,0
DA:280,0
DA:286,0
DA:294,0
DA:296,0
DA:299,0
DA:300,0
DA:301,0
DA:302,0
DA:303,0
DA:304,0
DA:305,0
DA:306,0
DA:307,0
DA:308,0
DA:309,0
DA:312,0
DA:316,0
DA:321,0
DA:322,0
DA:324,0
DA:326,0
DA:332,0
DA:333,0
DA:334,0
DA:335,0
DA:336,0
DA:340,0
DA:341,0
DA:342,0
DA:343,0
DA:344,0
DA:348,0
DA:353,0
DA:354,0
DA:355,0
DA:356,0
DA:357,0
DA:358,0
DA:361,0
DA:362,0
DA:363,0
DA:366,0
DA:368,0
DA:369,0
DA:370,0
DA:371,0
DA:372,0
DA:374,0
DA:375,0
DA:383,0
DA:384,0
DA:386,0
DA:387,0
DA:388,0
DA:396,0
DA:397,0
DA:399,0
DA:400,0
DA:402,0
DA:403,0
DA:404,0
DA:405,0
DA:406,0
DA:407,0
DA:409,0
DA:410,0
DA:411,0
DA:412,0
DA:414,0
DA:417,0
DA:420,0
DA:425,3
DA:427,12
DA:429,6
DA:430,9
DA:431,3
DA:432,3
DA:433,3
DA:434,3
DA:435,3
DA:436,3
DA:437,9
DA:439,9
DA:440,12
DA:445,0
DA:448,0
DA:453,1
DA:455,4
DA:457,2
DA:458,3
DA:459,1
DA:460,1
DA:463,0
DA:466,0
DA:471,3
DA:473,6
DA:474,3
DA:477,12
DA:478,4
DA:481,3
DA:486,3
DA:489,12
DA:491,4
DA:492,6
DA:493,4
DA:494,2
DA:495,2
DA:498,0
DA:501,1
DA:506,1
DA:509,4
DA:511,2
DA:512,3
DA:513,2
DA:514,1
DA:515,1
DA:518,0
DA:521,0
DA:526,1
DA:527,1
DA:529,4
DA:531,2
DA:532,3
DA:533,2
DA:534,1
DA:535,2
DA:536,2
DA:539,0
DA:542,0
DA:547,0
DA:553,0
DA:554,0
DA:561,0
DA:562,0
DA:563,0
DA:565,0
DA:566,0
DA:567,0
DA:568,0
DA:569,0
DA:570,0
DA:575,0
DA:579,1
DA:581,3
DA:583,0
DA:584,0
DA:585,0
DA:586,0
DA:588,0
DA:591,1
DA:595,1
DA:601,1
DA:602,4
DA:609,2
DA:610,2
DA:611,0
DA:613,1
DA:614,2
DA:615,3
DA:616,2
DA:617,2
DA:618,1
DA:623,0
DA:627,0
DA:630,0
DA:632,0
DA:633,0
DA:634,0
DA:635,0
DA:637,0
DA:640,0
DA:644,2
DA:647,8
DA:649,4
DA:650,4
DA:651,4
DA:652,4
DA:653,4
DA:655,0
DA:658,0
DA:662,1
DA:665,4
DA:667,2
DA:668,3
DA:669,2
DA:671,0
DA:674,0
DA:678,1
DA:681,4
DA:683,2
DA:684,3
DA:685,1
DA:686,1
DA:688,0
DA:691,0
DA:695,1
DA:697,2
DA:698,2
DA:700,0
DA:701,0
DA:702,0
DA:703,0
DA:704,0
DA:705,0
DA:706,0
DA:708,0
DA:710,0
DA:713,1
DA:717,1
DA:718,1
DA:720,2
DA:721,2
DA:723,2
DA:724,3
DA:725,2
DA:727,0
DA:730,0
DA:734,0
DA:740,0
DA:741,0
DA:748,0
DA:749,0
DA:750,0
DA:752,0
DA:753,0
DA:754,0
DA:755,0
DA:756,0
DA:757,0
DA:762,0
DA:766,0
DA:769,0
DA:771,0
DA:772,0
DA:773,0
DA:774,0
DA:775,0
DA:776,0
DA:777,0
DA:779,0
DA:782,0
DA:786,1
DA:788,3
DA:790,0
DA:791,0
DA:792,0
DA:794,0
DA:797,1
DA:801,0
DA:803,0
DA:805,0
DA:806,0
DA:808,0
DA:809,0
DA:810,0
DA:811,0
DA:812,0
DA:814,0
DA:817,0
DA:821,0
DA:823,0
DA:825,0
DA:826,0
DA:827,0
DA:829,0
DA:832,0
DA:837,1
DA:840,2
DA:841,2
DA:843,2
DA:844,3
DA:845,1
DA:848,0
DA:852,0
DA:858,0
DA:859,0
DA:860,0
DA:861,0
DA:862,0
DA:863,0
DA:864,0
DA:865,0
DA:866,0
LF:392
LH:108
end_of_record
SF:lib/common/global.dart
DA:36,4
DA:46,0
DA:55,24
DA:79,16
DA:98,0
DA:101,11
LF:6
LH:4
end_of_record
SF:lib/update/index.dart
DA:23,1
DA:33,0
DA:34,0
DA:35,0
DA:36,0
DA:37,0
DA:38,0
DA:39,0
DA:40,0
DA:41,0
DA:43,0
DA:44,0
DA:45,0
DA:46,0
DA:47,0
DA:48,0
DA:49,0
DA:50,0
DA:51,0
DA:52,0
DA:53,0
DA:58,1
DA:59,2
DA:60,0
DA:61,0
DA:62,0
DA:63,0
DA:64,0
DA:65,0
DA:66,0
DA:68,0
DA:73,0
DA:78,0
DA:80,0
DA:81,0
DA:86,0
DA:87,0
DA:88,0
DA:89,0
DA:90,0
DA:93,0
DA:95,0
DA:96,0
DA:97,0
DA:98,0
DA:101,0
DA:102,0
DA:103,0
DA:104,0
DA:105,0
DA:106,0
DA:107,0
DA:108,0
DA:109,0
DA:110,0
DA:112,0
DA:113,0
DA:114,0
DA:115,0
DA:116,0
DA:117,0
DA:119,0
DA:120,0
DA:121,0
DA:122,0
DA:126,0
DA:128,0
DA:129,0
DA:130,0
DA:131,0
DA:132,0
DA:133,0
DA:134,0
DA:141,0
DA:142,0
DA:145,0
DA:146,0
DA:147,0
DA:148,0
DA:149,0
DA:150,0
DA:153,0
LF:82
LH:3
end_of_record
SF:lib/bloc/main/main_event.dart
DA:5,2
DA:9,1
DA:14,1
DA:19,1
DA:24,1
DA:28,0
DA:33,0
DA:38,0
DA:43,1
DA:48,1
DA:53,0
DA:59,0
DA:66,0
LF:13
LH:7
end_of_record
SF:lib/bloc/main/main_bloc.dart
DA:20,12
DA:21,5
DA:22,3
DA:24,3
DA:27,5
DA:28,4
DA:31,5
DA:34,1
DA:36,3
DA:37,0
DA:38,0
DA:39,0
DA:41,0
DA:42,0
DA:43,0
DA:44,0
DA:45,0
DA:46,0
DA:47,0
DA:49,0
DA:51,0
DA:53,0
DA:54,0
DA:55,0
DA:56,0
DA:57,0
DA:59,0
DA:61,1
DA:65,5
DA:66,4
DA:67,3
DA:70,4
DA:71,0
DA:72,0
DA:73,0
DA:79,4
DA:80,0
DA:81,0
DA:82,0
DA:88,4
DA:89,0
DA:90,0
DA:91,0
DA:92,0
DA:93,0
DA:95,0
DA:98,4
DA:99,0
DA:102,4
DA:103,0
DA:107,0
DA:108,0
DA:109,0
DA:110,0
DA:111,0
DA:115,0
DA:116,0
DA:124,4
DA:125,0
DA:129,0
DA:130,0
DA:131,0
DA:132,0
DA:133,0
DA:137,0
DA:138,0
DA:147,5
DA:148,1
DA:149,3
DA:150,1
DA:151,3
DA:154,5
DA:155,1
DA:159,3
DA:160,1
DA:161,3
DA:166,0
DA:168,0
DA:169,0
DA:170,0
DA:171,0
DA:172,0
DA:173,0
DA:174,0
DA:175,0
DA:176,0
DA:178,0
DA:181,0
DA:182,0
DA:183,0
DA:188,0
DA:189,0
DA:190,0
DA:195,0
DA:199,0
DA:201,0
DA:202,0
DA:203,0
DA:205,0
DA:206,0
DA:207,0
DA:208,0
DA:209,0
DA:210,0
DA:211,0
DA:212,0
DA:215,0
DA:221,0
DA:222,0
DA:223,0
DA:224,0
DA:225,0
DA:226,0
DA:227,0
DA:228,0
DA:229,0
DA:233,0
DA:235,0
DA:236,0
DA:237,0
DA:239,0
DA:240,0
DA:241,0
DA:242,0
DA:248,0
DA:249,0
DA:250,0
DA:252,0
DA:254,0
DA:257,0
DA:258,0
DA:262,0
DA:264,0
DA:265,0
DA:266,0
DA:267,0
DA:270,0
DA:271,0
DA:272,0
DA:273,0
DA:274,0
DA:275,0
DA:276,0
DA:277,0
DA:278,0
DA:279,0
DA:280,0
DA:281,0
DA:284,0
DA:285,0
DA:286,0
DA:287,0
DA:288,0
DA:289,0
DA:290,0
DA:293,0
DA:297,0
DA:298,0
DA:301,0
DA:302,0
DA:303,0
DA:304,0
DA:305,0
LF:163
LH:29
end_of_record
SF:lib/bloc/main/main_state.dart
DA:23,4
DA:37,2
DA:39,2
DA:40,2
DA:41,2
DA:42,2
DA:43,2
DA:44,2
DA:45,2
DA:46,2
DA:47,2
DA:48,2
DA:49,2
DA:50,2
DA:53,4
DA:54,4
DA:57,4
DA:58,4
DA:60,4
DA:64,4
DA:65,4
DA:69,2
DA:82,2
DA:83,2
DA:84,1
DA:85,2
DA:86,2
DA:87,2
DA:88,2
DA:89,2
DA:90,2
DA:91,2
DA:92,2
DA:93,2
LF:34
LH:34
end_of_record
SF:lib/chain/constant.dart
DA:5,6
DA:6,3
DA:7,3
DA:8,3
DA:12,2
DA:13,4
DA:14,2
DA:15,5
DA:16,1
DA:17,4
DA:18,4
DA:19,1
DA:20,1
DA:21,2
DA:22,2
DA:31,2
DA:35,1
DA:36,1
DA:37,1
DA:38,1
DA:39,1
DA:40,1
DA:41,3
DA:42,1
DA:43,1
DA:44,1
DA:45,1
DA:46,1
DA:47,1
DA:48,1
DA:49,1
DA:51,1
LF:32
LH:32
end_of_record
SF:lib/common/utils.dart
DA:22,1
DA:23,1
DA:26,2
DA:27,3
DA:29,2
DA:30,2
DA:31,2
DA:36,1
DA:37,1
DA:40,2
DA:41,3
DA:43,2
DA:44,2
DA:45,1
DA:49,1
DA:50,1
DA:51,2
DA:53,1
DA:54,1
DA:55,1
DA:59,2
DA:60,6
DA:64,0
DA:65,0
DA:66,0
DA:68,0
DA:74,10
DA:75,10
DA:76,20
DA:79,2
DA:80,2
DA:82,2
DA:83,2
DA:86,2
DA:90,1
DA:91,1
DA:92,2
DA:104,5
DA:105,5
DA:106,10
DA:107,5
DA:108,5
DA:109,5
DA:111,5
DA:113,12
DA:115,20
DA:117,12
DA:119,12
DA:125,3
DA:126,3
DA:127,3
DA:128,3
DA:129,3
DA:130,6
DA:135,2
DA:136,2
DA:137,2
DA:138,6
DA:139,6
DA:141,4
DA:142,10
DA:147,15
DA:149,15
DA:154,5
DA:155,4
DA:156,4
DA:157,1
DA:158,8
DA:159,2
DA:160,1
DA:162,0
DA:163,2
DA:165,8
DA:166,4
DA:168,4
DA:171,2
DA:172,13
DA:180,2
DA:181,2
DA:184,12
DA:188,2
DA:190,2
DA:193,2
DA:196,2
DA:198,0
DA:199,0
DA:202,2
DA:213,8
DA:214,2
DA:217,14
DA:220,0
DA:227,1
DA:228,1
DA:229,1
DA:230,1
DA:234,2
DA:235,2
DA:236,2
DA:238,6
DA:239,6
DA:240,6
DA:246,0
DA:247,0
DA:248,0
DA:254,0
DA:259,3
DA:260,9
DA:266,2
DA:267,2
DA:268,2
DA:270,10
DA:274,4
DA:275,12
DA:276,12
DA:277,12
DA:281,1
DA:282,4
DA:285,3
DA:287,3
DA:288,3
DA:292,6
DA:302,2
DA:303,2
DA:304,2
DA:305,2
LF:125
LH:113
end_of_record
SF:lib/init/hive.dart
DA:37,0
DA:38,0
DA:39,0
DA:40,0
DA:41,0
DA:42,0
DA:43,0
DA:44,0
DA:45,0
DA:46,0
DA:47,0
DA:48,0
DA:49,0
DA:50,0
DA:51,0
DA:52,0
DA:53,0
DA:54,0
DA:55,0
DA:56,0
DA:59,0
DA:60,0
DA:61,0
DA:62,0
DA:64,0
DA:66,0
DA:123,0
DA:124,0
DA:125,0
DA:126,0
DA:127,0
DA:128,0
DA:129,0
DA:130,0
DA:131,0
DA:132,0
DA:133,0
DA:134,0
DA:135,0
DA:136,0
DA:138,0
DA:139,0
DA:140,0
DA:141,0
DA:142,0
DA:143,0
DA:144,0
DA:145,0
DA:146,0
DA:147,0
DA:148,0
DA:149,0
DA:151,0
DA:152,0
DA:154,0
DA:155,0
DA:156,0
DA:157,0
DA:159,0
DA:160,0
DA:161,0
DA:162,0
DA:163,0
LF:63
LH:0
end_of_record
SF:lib/models/cacheMessage.g.dart
DA:13,0
DA:15,0
DA:16,0
DA:17,0
DA:19,0
DA:20,0
DA:21,0
DA:22,0
DA:23,0
DA:24,0
DA:25,0
DA:26,0
DA:27,0
DA:28,0
DA:29,0
DA:30,0
DA:31,0
DA:32,0
DA:33,0
DA:34,0
DA:37,0
DA:40,0
DA:41,0
DA:42,0
DA:43,0
DA:44,0
DA:45,0
DA:46,0
DA:47,0
DA:48,0
DA:49,0
DA:50,0
DA:51,0
DA:52,0
DA:53,0
DA:54,0
DA:55,0
DA:56,0
DA:57,0
DA:58,0
DA:59,0
DA:60,0
DA:61,0
DA:62,0
DA:63,0
DA:64,0
DA:65,0
DA:66,0
DA:67,0
DA:68,0
DA:69,0
DA:70,0
DA:73,0
DA:74,0
DA:76,0
DA:79,0
DA:80,0
DA:81,0
DA:88,0
DA:90,0
DA:91,0
DA:92,0
DA:94,0
DA:95,0
DA:96,0
DA:97,0
DA:98,0
DA:99,0
DA:100,0
DA:101,0
DA:102,0
DA:103,0
DA:104,0
DA:105,0
DA:106,0
DA:107,0
DA:108,0
DA:109,0
DA:110,0
DA:111,0
DA:112,0
DA:116,0
DA:119,0
DA:120,0
DA:121,0
DA:122,0
DA:123,0
DA:124,0
DA:125,0
DA:126,0
DA:127,0
DA:128,0
DA:129,0
DA:130,0
DA:131,0
DA:132,0
DA:133,0
DA:134,0
DA:135,0
DA:136,0
DA:137,0
DA:138,0
DA:139,0
DA:140,0
DA:141,0
DA:142,0
DA:143,0
DA:144,0
DA:145,0
DA:146,0
DA:147,0
DA:148,0
DA:149,0
DA:150,0
DA:151,0
DA:152,0
DA:153,0
DA:154,0
DA:155,0
DA:158,0
DA:159,0
DA:161,0
DA:164,0
DA:165,0
DA:166,0
DA:173,0
DA:175,0
DA:176,0
DA:177,0
DA:179,0
DA:180,0
DA:181,0
DA:182,0
DA:183,0
DA:184,0
DA:185,0
DA:186,0
DA:187,0
DA:188,0
DA:189,0
DA:190,0
DA:191,0
DA:192,0
DA:193,0
DA:194,0
DA:195,0
DA:196,0
DA:197,0
DA:201,0
DA:204,0
DA:205,0
DA:206,0
DA:207,0
DA:208,0
DA:209,0
DA:210,0
DA:211,0
DA:212,0
DA:213,0
DA:214,0
DA:215,0
DA:216,0
DA:217,0
DA:218,0
DA:219,0
DA:220,0
DA:221,0
DA:222,0
DA:223,0
DA:224,0
DA:225,0
DA:226,0
DA:227,0
DA:228,0
DA:229,0
DA:230,0
DA:231,0
DA:232,0
DA:233,0
DA:234,0
DA:235,0
DA:236,0
DA:237,0
DA:238,0
DA:239,0
DA:240,0
DA:243,0
DA:244,0
DA:246,0
DA:249,0
DA:250,0
DA:251,0
DA:258,0
DA:260,0
DA:261,0
DA:262,0
DA:264,0
DA:265,0
DA:266,0
DA:267,0
DA:268,0
DA:269,0
DA:270,0
DA:271,0
DA:272,0
DA:273,0
DA:277,0
DA:280,0
DA:281,0
DA:282,0
DA:283,0
DA:284,0
DA:285,0
DA:286,0
DA:287,0
DA:288,0
DA:289,0
DA:290,0
DA:291,0
DA:292,0
DA:293,0
DA:294,0
DA:295,0
DA:296,0
DA:297,0
DA:298,0
DA:301,0
DA:302,0
DA:304,0
DA:307,0
DA:308,0
DA:309,0
LF:232
LH:0
end_of_record
SF:lib/models/cacheMessage.dart
DA:23,1
DA:43,2
DA:44,2
DA:45,2
DA:46,2
DA:47,2
DA:48,2
DA:49,2
DA:50,2
DA:51,2
DA:52,2
DA:53,2
DA:54,2
DA:55,2
DA:56,2
DA:57,2
DA:58,2
DA:59,2
DA:60,2
DA:61,2
DA:62,2
DA:63,2
DA:64,4
DA:65,4
DA:66,1
DA:67,1
DA:68,1
DA:69,1
DA:70,1
DA:71,1
DA:109,32
DA:124,3
DA:125,3
DA:126,3
DA:127,3
DA:128,3
DA:129,3
DA:130,3
DA:131,3
DA:132,3
DA:133,3
DA:134,3
DA:135,3
DA:136,3
DA:137,3
DA:138,1
DA:139,1
DA:140,1
DA:141,1
DA:142,1
DA:143,1
DA:144,1
DA:145,1
DA:146,1
DA:147,1
DA:148,1
DA:149,1
DA:150,1
DA:151,1
DA:194,1
DA:213,1
DA:214,1
DA:215,1
DA:216,1
DA:217,1
DA:218,1
DA:219,1
DA:220,1
DA:221,1
DA:222,1
DA:223,1
DA:224,1
DA:225,1
DA:226,1
DA:227,1
DA:228,1
DA:229,1
DA:230,1
DA:231,1
DA:232,1
DA:233,1
DA:234,1
DA:235,1
DA:236,1
DA:237,1
DA:238,1
DA:239,1
DA:282,3
DA:301,2
DA:302,4
DA:303,4
DA:304,4
DA:305,4
DA:306,4
DA:307,4
DA:308,4
DA:309,4
DA:310,4
DA:311,4
DA:312,4
DA:313,4
DA:314,4
DA:315,4
DA:316,4
DA:317,6
DA:318,4
DA:319,3
DA:320,1
DA:321,2
DA:323,2
DA:327,2
DA:329,4
DA:332,1
DA:336,2
DA:338,4
DA:341,2
DA:345,6
DA:368,1
DA:378,2
DA:379,4
DA:380,4
DA:381,4
DA:382,4
DA:383,4
DA:384,4
LF:125
LH:125
end_of_record
SF:lib/models/miner.dart
DA:38,4
DA:55,1
DA:56,1
DA:57,1
DA:58,1
DA:59,1
DA:60,1
DA:61,1
DA:62,1
DA:63,1
DA:64,1
DA:65,1
DA:66,1
DA:67,1
DA:68,1
DA:69,1
DA:70,1
DA:71,1
DA:72,1
DA:76,2
DA:77,4
DA:78,4
DA:79,4
DA:80,4
DA:81,4
DA:82,4
DA:83,4
DA:84,4
DA:85,4
DA:86,4
DA:87,4
DA:88,4
DA:89,4
DA:90,4
DA:91,4
DA:92,4
DA:112,4
DA:113,1
DA:121,1
DA:122,2
DA:123,2
DA:124,2
DA:125,2
DA:126,2
DA:128,1
DA:129,1
DA:130,1
DA:131,1
DA:132,1
DA:133,1
DA:134,1
DA:135,1
DA:160,4
DA:170,1
DA:171,1
DA:172,1
DA:173,1
DA:174,1
DA:175,1
DA:176,1
DA:177,1
DA:181,2
DA:182,4
DA:183,4
DA:184,4
DA:185,4
DA:186,4
DA:187,4
DA:188,4
DA:189,4
DA:190,4
DA:197,1
DA:210,4
DA:215,2
DA:216,4
DA:217,4
DA:218,4
DA:219,4
LF:78
LH:78
end_of_record
SF:lib/models/miner.g.dart
DA:13,0
DA:15,0
DA:16,0
DA:17,0
DA:19,0
DA:20,0
DA:21,0
DA:22,0
DA:23,0
DA:24,0
DA:25,0
DA:26,0
DA:27,0
DA:28,0
DA:29,0
DA:30,0
DA:31,0
DA:32,0
DA:33,0
DA:34,0
DA:35,0
DA:39,0
DA:42,0
DA:43,0
DA:44,0
DA:45,0
DA:46,0
DA:47,0
DA:48,0
DA:49,0
DA:50,0
DA:51,0
DA:52,0
DA:53,0
DA:54,0
DA:55,0
DA:56,0
DA:57,0
DA:58,0
DA:59,0
DA:60,0
DA:61,0
DA:62,0
DA:63,0
DA:64,0
DA:65,0
DA:66,0
DA:67,0
DA:68,0
DA:69,0
DA:70,0
DA:71,0
DA:72,0
DA:73,0
DA:74,0
DA:77,0
DA:78,0
DA:80,0
DA:83,0
DA:84,0
DA:85,0
DA:92,0
DA:94,0
DA:95,0
DA:96,0
DA:98,0
DA:99,0
DA:100,0
DA:101,0
DA:102,0
DA:103,0
DA:104,0
DA:105,0
DA:109,0
DA:112,0
DA:113,0
DA:114,0
DA:115,0
DA:116,0
DA:117,0
DA:118,0
DA:119,0
DA:120,0
DA:121,0
DA:122,0
DA:123,0
DA:124,0
DA:125,0
DA:126,0
DA:129,0
DA:130,0
DA:132,0
DA:135,0
DA:136,0
DA:137,0
DA:144,0
DA:146,0
DA:147,0
DA:148,0
DA:150,0
DA:151,0
DA:152,0
DA:153,0
DA:154,0
DA:155,0
DA:156,0
DA:157,0
DA:158,0
DA:159,0
DA:163,0
DA:166,0
DA:167,0
DA:168,0
DA:169,0
DA:170,0
DA:171,0
DA:172,0
DA:173,0
DA:174,0
DA:175,0
DA:176,0
DA:177,0
DA:178,0
DA:179,0
DA:180,0
DA:181,0
DA:182,0
DA:183,0
DA:184,0
DA:187,0
DA:188,0
DA:190,0
DA:193,0
DA:194,0
DA:195,0
DA:202,0
DA:204,0
DA:205,0
DA:206,0
DA:208,0
DA:209,0
DA:210,0
DA:211,0
DA:212,0
DA:216,0
DA:219,0
DA:220,0
DA:221,0
DA:222,0
DA:223,0
DA:224,0
DA:225,0
DA:226,0
DA:227,0
DA:230,0
DA:231,0
DA:233,0
DA:236,0
DA:237,0
DA:238,0
LF:160
LH:0
end_of_record
SF:lib/models/wallet.dart
DA:33,36
DA:47,36
DA:48,36
DA:49,36
DA:50,36
DA:51,36
DA:52,36
DA:53,36
DA:54,36
DA:55,36
DA:56,36
DA:57,36
DA:58,36
DA:59,36
DA:61,10
DA:62,20
DA:63,20
DA:64,20
DA:65,20
DA:66,20
DA:67,20
DA:68,20
DA:69,20
DA:70,20
DA:71,20
DA:72,20
DA:73,20
DA:75,10
DA:76,10
DA:77,10
DA:78,10
DA:79,10
DA:80,10
DA:81,10
DA:82,10
DA:83,10
DA:84,10
DA:85,10
DA:86,10
DA:87,10
DA:88,10
DA:89,10
DA:93,17
DA:94,17
DA:97,14
DA:98,28
DA:101,36
DA:104,1
DA:106,2
DA:109,1
DA:138,31
DA:150,4
DA:151,8
DA:152,8
DA:153,8
DA:154,8
DA:155,8
DA:156,8
DA:157,8
DA:158,8
DA:159,8
DA:160,8
DA:162,4
DA:163,4
DA:164,4
DA:165,4
DA:166,4
DA:167,4
DA:168,4
DA:169,4
DA:170,4
DA:171,4
DA:172,4
DA:173,4
DA:177,4
DA:178,16
DA:188,4
DA:194,1
DA:195,1
DA:196,1
DA:197,1
DA:198,1
LF:82
LH:82
end_of_record
SF:lib/models/wallet.g.dart
DA:13,0
DA:15,0
DA:16,0
DA:17,0
DA:19,0
DA:20,0
DA:21,0
DA:22,0
DA:23,0
DA:24,0
DA:25,0
DA:26,0
DA:27,0
DA:28,0
DA:29,0
DA:30,0
DA:31,0
DA:32,0
DA:36,0
DA:39,0
DA:40,0
DA:41,0
DA:42,0
DA:43,0
DA:44,0
DA:45,0
DA:46,0
DA:47,0
DA:48,0
DA:49,0
DA:50,0
DA:51,0
DA:52,0
DA:53,0
DA:54,0
DA:55,0
DA:56,0
DA:57,0
DA:58,0
DA:59,0
DA:60,0
DA:61,0
DA:62,0
DA:63,0
DA:64,0
DA:65,0
DA:68,0
DA:69,0
DA:71,0
DA:74,0
DA:75,0
DA:76,0
DA:83,0
DA:85,0
DA:86,0
DA:87,0
DA:89,0
DA:90,0
DA:91,0
DA:92,0
DA:93,0
DA:94,0
DA:95,0
DA:96,0
DA:97,0
DA:98,0
DA:99,0
DA:100,0
DA:104,0
DA:107,0
DA:108,0
DA:109,0
DA:110,0
DA:111,0
DA:112,0
DA:113,0
DA:114,0
DA:115,0
DA:116,0
DA:117,0
DA:118,0
DA:119,0
DA:120,0
DA:121,0
DA:122,0
DA:123,0
DA:124,0
DA:125,0
DA:126,0
DA:127,0
DA:128,0
DA:129,0
DA:132,0
DA:133,0
DA:135,0
DA:138,0
DA:139,0
DA:140,0
LF:98
LH:0
end_of_record
SF:lib/store/store.dart
DA:41,3
DA:44,18
DA:45,36
DA:49,27
DA:52,5
DA:53,10
DA:57,1
DA:58,2
DA:62,6
DA:65,1
DA:66,3
DA:70,1
DA:71,2
DA:75,1
DA:76,2
DA:80,1
DA:81,2
DA:85,1
DA:86,3
DA:87,3
DA:88,4
DA:92,1
DA:93,2
DA:97,4
DA:100,9
DA:101,36
DA:105,3
DA:106,12
DA:110,1
DA:111,2
DA:115,1
DA:116,2
DA:120,1
DA:121,3
DA:122,1
DA:127,1
DA:128,3
DA:129,1
DA:134,1
DA:135,3
DA:136,1
DA:141,1
DA:142,3
DA:143,1
DA:148,2
DA:149,6
DA:150,2
DA:155,1
DA:156,2
DA:160,1
DA:161,2
DA:165,1
DA:166,2
DA:170,1
DA:171,2
DA:175,3
DA:176,6
DA:180,1
DA:181,2
DA:186,84
LF:60
LH:60
end_of_record
SF:lib/bloc/make/make_event.dart
DA:5,1
DA:12,1
DA:17,0
DA:22,0
LF:4
LH:2
end_of_record
SF:lib/bloc/make/make_state.dart
DA:8,1
DA:9,1
DA:10,2
DA:12,1
DA:14,4
DA:16,1
DA:20,1
DA:21,1
DA:22,1
DA:23,1
LF:10
LH:10
end_of_record
SF:lib/bloc/make/make_bloc.dart
DA:11,3
DA:12,2
DA:13,2
DA:14,3
DA:15,1
DA:16,1
DA:17,1
DA:19,1
DA:20,0
DA:21,0
DA:22,0
DA:24,1
DA:25,0
DA:26,0
DA:27,0
LF:15
LH:9
end_of_record
SF:lib/bloc/message/message_event.dart
DA:4,1
DA:8,0
DA:13,1
DA:17,1
DA:21,0
DA:26,0
DA:31,1
DA:36,1
DA:41,1
DA:46,0
DA:50,0
LF:11
LH:6
end_of_record
SF:lib/bloc/message/message_bloc.dart
DA:16,6
DA:18,2
DA:19,0
DA:22,3
DA:23,4
DA:26,3
DA:27,4
DA:30,3
DA:31,4
DA:34,3
DA:35,2
DA:36,2
DA:37,3
DA:39,1
DA:42,3
DA:43,2
DA:44,0
DA:45,0
DA:46,0
DA:47,0
DA:48,0
DA:49,0
DA:50,0
DA:51,0
DA:52,0
DA:53,0
DA:54,0
DA:55,0
DA:56,0
DA:58,0
LF:30
LH:15
end_of_record
SF:lib/bloc/message/message_state.dart
DA:17,2
DA:27,1
DA:29,1
DA:30,1
DA:31,1
DA:32,1
DA:33,1
DA:34,1
DA:35,1
DA:36,1
DA:39,2
DA:40,2
DA:41,4
DA:51,1
DA:60,1
DA:61,1
DA:62,1
DA:63,1
DA:64,1
DA:65,1
DA:66,1
DA:67,1
LF:22
LH:22
end_of_record
SF:lib/models/message.g.dart
DA:13,0
DA:15,0
DA:16,0
DA:17,0
DA:19,0
DA:20,0
DA:21,0
DA:22,0
DA:23,0
DA:24,0
DA:25,0
DA:26,0
DA:27,0
DA:28,0
DA:29,0
DA:30,0
DA:34,0
DA:37,0
DA:38,0
DA:39,0
DA:40,0
DA:41,0
DA:42,0
DA:43,0
DA:44,0
DA:45,0
DA:46,0
DA:47,0
DA:48,0
DA:49,0
DA:50,0
DA:51,0
DA:52,0
DA:53,0
DA:54,0
DA:55,0
DA:56,0
DA:57,0
DA:58,0
DA:59,0
DA:62,0
DA:63,0
DA:65,0
DA:68,0
DA:69,0
DA:70,0
DA:77,0
DA:79,0
DA:80,0
DA:81,0
DA:83,0
DA:84,0
DA:85,0
DA:89,0
DA:92,0
DA:93,0
DA:94,0
DA:95,0
DA:96,0
DA:99,0
DA:100,0
DA:102,0
DA:105,0
DA:106,0
DA:107,0
DA:114,0
DA:116,0
DA:117,0
DA:118,0
DA:120,0
DA:121,0
DA:122,0
DA:126,0
DA:129,0
DA:130,0
DA:131,0
DA:132,0
DA:133,0
DA:136,0
DA:137,0
DA:139,0
DA:142,0
DA:143,0
DA:144,0
DA:151,0
DA:153,0
DA:154,0
DA:155,0
DA:157,0
DA:158,0
DA:159,0
DA:163,0
DA:166,0
DA:167,0
DA:168,0
DA:169,0
DA:170,0
DA:173,0
DA:174,0
DA:176,0
DA:179,0
DA:180,0
DA:181,0
DA:188,0
DA:190,0
DA:191,0
DA:192,0
DA:194,0
DA:195,0
DA:196,0
DA:197,0
DA:198,0
DA:199,0
DA:203,0
DA:206,0
DA:207,0
DA:208,0
DA:209,0
DA:210,0
DA:211,0
DA:212,0
DA:213,0
DA:214,0
DA:215,0
DA:216,0
DA:219,0
DA:220,0
DA:222,0
DA:225,0
DA:226,0
DA:227,0
LF:131
LH:0
end_of_record
SF:lib/models/message.dart
DA:31,34
DA:45,2
DA:46,2
DA:47,2
DA:48,2
DA:49,2
DA:50,2
DA:51,2
DA:52,2
DA:53,2
DA:54,2
DA:55,2
DA:56,2
DA:57,2
DA:59,5
DA:60,5
DA:61,5
DA:62,5
DA:63,5
DA:64,5
DA:65,5
DA:66,5
DA:67,5
DA:68,5
DA:69,5
DA:70,5
DA:71,5
DA:72,5
DA:76,1
DA:78,2
DA:79,2
DA:80,2
DA:81,2
DA:82,2
DA:83,2
DA:84,2
DA:85,2
DA:86,2
DA:92,3
DA:93,6
DA:94,6
DA:95,3
DA:98,4
DA:99,4
DA:100,4
DA:101,4
DA:102,4
DA:103,4
DA:104,4
DA:105,4
DA:106,4
DA:107,4
DA:108,4
DA:109,4
DA:113,1
DA:114,2
DA:115,2
DA:116,2
DA:119,1
DA:120,4
DA:130,2
DA:132,1
DA:133,1
DA:134,1
DA:136,3
DA:137,3
DA:138,3
DA:139,3
DA:151,2
DA:153,1
DA:155,2
DA:157,2
DA:159,2
DA:160,2
DA:161,2
DA:162,2
DA:166,2
DA:167,2
DA:168,4
DA:169,4
DA:180,1
DA:181,1
DA:182,3
DA:198,1
DA:200,1
DA:201,3
DA:204,4
DA:205,4
LF:88
LH:88
end_of_record
SF:lib/pages/message/make.dart
DA:42,83
DA:46,1
DA:47,1
DA:67,0
DA:68,0
DA:69,0
DA:72,0
DA:73,0
DA:76,0
DA:77,0
DA:78,0
DA:79,0
DA:80,0
DA:81,0
DA:83,0
DA:85,0
DA:86,0
DA:87,0
DA:90,0
DA:91,0
DA:95,0
DA:97,0
DA:98,0
DA:99,0
DA:101,0
DA:102,0
DA:103,0
DA:104,0
DA:105,0
DA:106,0
DA:107,0
DA:108,0
DA:113,0
DA:116,0
DA:117,0
DA:118,0
DA:119,0
DA:120,0
DA:121,0
DA:122,0
DA:136,1
DA:137,2
DA:138,1
DA:139,0
DA:140,0
DA:141,0
DA:149,1
DA:150,1
DA:151,1
DA:153,1
DA:154,3
DA:155,3
DA:156,3
DA:158,1
DA:159,2
DA:162,1
DA:163,0
DA:166,1
DA:167,0
DA:170,1
DA:171,0
DA:174,1
DA:175,0
DA:178,1
DA:179,0
DA:183,1
DA:185,0
DA:188,1
DA:189,1
DA:190,0
DA:194,1
DA:195,3
DA:197,0
DA:199,0
DA:202,0
DA:203,0
DA:207,4
DA:208,0
DA:212,1
DA:214,0
DA:216,0
DA:220,1
DA:221,0
DA:224,3
DA:225,1
DA:226,0
DA:227,0
DA:230,0
DA:232,0
DA:235,0
DA:239,0
DA:241,1
DA:242,0
DA:243,0
DA:244,0
DA:247,0
DA:248,0
DA:253,0
DA:255,0
DA:258,0
DA:259,0
DA:264,0
DA:267,1
DA:268,0
DA:269,0
DA:270,0
DA:273,0
DA:275,0
DA:277,0
DA:282,0
DA:283,0
DA:284,0
DA:285,0
DA:288,0
DA:289,0
DA:290,0
DA:294,4
DA:297,1
DA:298,1
DA:299,1
DA:301,0
DA:302,0
DA:304,0
DA:305,0
DA:306,0
DA:307,0
DA:308,0
DA:309,0
DA:310,0
DA:313,0
DA:316,2
DA:317,1
DA:321,1
DA:322,2
DA:324,2
DA:325,0
DA:326,0
DA:327,0
DA:328,0
DA:329,0
DA:330,0
DA:331,0
DA:332,0
DA:335,0
DA:336,1
DA:339,0
DA:340,0
DA:341,0
DA:342,0
DA:347,0
DA:348,0
DA:349,0
DA:350,0
DA:351,0
DA:352,0
DA:353,0
DA:356,0
DA:357,0
DA:358,0
DA:359,0
DA:360,0
DA:361,0
DA:369,0
DA:370,0
DA:371,0
DA:372,0
DA:375,1
DA:377,1
DA:379,2
DA:381,1
DA:383,1
DA:384,0
DA:386,1
DA:388,1
DA:389,2
DA:390,2
DA:391,5
DA:392,1
DA:393,1
DA:394,2
DA:395,3
DA:396,0
DA:397,0
DA:398,0
DA:401,4
DA:403,5
DA:405,3
DA:406,1
DA:407,1
DA:408,4
DA:413,1
DA:415,0
DA:416,0
DA:418,3
DA:419,2
DA:420,1
DA:421,2
DA:422,0
DA:426,4
DA:427,0
DA:428,0
DA:429,0
DA:438,1
DA:440,1
DA:441,2
DA:444,1
DA:445,5
DA:447,2
DA:448,1
DA:449,2
DA:451,0
DA:456,0
DA:458,0
DA:459,0
DA:460,0
DA:463,0
DA:467,1
DA:469,3
DA:470,2
DA:472,0
DA:477,1
DA:479,3
DA:480,1
DA:481,4
DA:482,2
DA:483,1
DA:484,1
DA:485,1
DA:486,1
DA:487,1
DA:488,0
DA:489,0
DA:490,0
DA:491,0
DA:492,0
DA:494,0
DA:499,1
DA:500,1
DA:501,1
DA:502,1
DA:503,1
DA:504,2
DA:505,1
DA:506,1
DA:507,1
DA:508,1
DA:509,1
DA:510,1
DA:511,1
DA:512,0
DA:513,0
DA:514,0
DA:515,0
DA:516,0
DA:517,0
DA:518,0
DA:523,1
DA:526,1
DA:527,1
DA:528,1
DA:529,1
DA:530,1
DA:531,0
DA:532,0
DA:533,0
DA:534,0
DA:535,0
DA:539,1
DA:540,1
DA:541,1
DA:543,1
DA:545,1
DA:547,0
DA:548,0
DA:549,0
DA:551,0
DA:552,0
DA:553,0
DA:554,0
DA:555,0
DA:556,0
DA:557,0
DA:565,1
DA:566,2
DA:567,1
DA:568,2
DA:569,1
DA:570,0
DA:571,1
DA:572,1
DA:573,1
DA:574,1
DA:576,1
DA:578,1
DA:580,0
DA:581,0
DA:582,0
DA:584,0
DA:590,1
DA:591,1
DA:592,1
DA:593,1
DA:594,1
DA:598,1
DA:599,1
DA:600,1
DA:603,2
DA:605,1
DA:608,1
DA:609,1
DA:610,1
DA:611,2
DA:612,1
DA:613,1
DA:614,1
DA:617,1
DA:618,1
DA:619,1
DA:620,1
DA:621,0
DA:622,0
DA:623,0
DA:625,2
DA:627,1
DA:628,2
DA:629,1
DA:630,1
DA:631,0
DA:632,0
DA:633,0
DA:635,1
DA:638,1
DA:639,3
DA:640,1
DA:642,1
DA:645,1
DA:646,1
DA:654,1
DA:659,1
DA:660,1
DA:661,0
DA:665,1
DA:666,1
DA:667,0
DA:669,1
DA:682,2
DA:687,2
DA:689,2
DA:690,2
DA:692,2
DA:693,2
DA:694,2
DA:695,2
DA:696,4
DA:697,2
DA:698,2
DA:699,2
DA:700,4
DA:704,2
DA:705,2
DA:706,2
DA:710,4
DA:716,0
DA:717,0
DA:718,0
DA:719,0
DA:720,0
DA:723,0
DA:724,0
DA:738,2
DA:743,0
DA:745,0
DA:747,0
DA:748,0
DA:749,0
DA:750,0
DA:751,0
DA:752,0
DA:753,0
DA:754,0
DA:755,0
DA:756,0
DA:757,0
DA:761,0
DA:762,0
DA:764,0
DA:766,0
DA:769,0
DA:770,0
DA:771,0
DA:773,0
DA:774,0
DA:775,0
DA:776,0
DA:778,0
DA:779,0
DA:780,0
DA:781,0
DA:782,0
DA:783,0
DA:784,0
DA:785,0
DA:786,0
DA:787,0
DA:791,0
DA:793,0
DA:795,0
DA:798,0
DA:800,0
DA:801,0
DA:804,0
DA:812,0
DA:815,0
DA:816,0
DA:819,0
DA:821,0
DA:822,0
DA:835,1
DA:836,0
DA:838,0
DA:839,0
DA:840,0
DA:841,0
DA:842,0
DA:843,0
DA:844,0
DA:845,0
DA:846,0
DA:847,0
DA:851,0
DA:852,0
DA:854,0
DA:856,0
DA:859,0
DA:860,0
DA:861,0
DA:862,0
DA:863,0
DA:864,0
DA:866,0
DA:867,0
DA:868,0
DA:869,0
DA:870,0
DA:872,0
DA:873,0
DA:875,0
LF:447
LH:182
end_of_record
SF:lib/bloc/method/method_event.dart
DA:5,1
DA:9,1
DA:14,0
DA:19,0
LF:4
LH:2
end_of_record
SF:lib/bloc/method/method_bloc.dart
DA:11,3
DA:12,2
DA:13,2
DA:14,1
DA:23,0
DA:24,0
DA:27,0
DA:30,0
DA:33,0
DA:38,1
DA:39,0
DA:42,1
DA:43,0
LF:13
LH:6
end_of_record
SF:lib/bloc/method/method_state.dart
DA:8,1
DA:9,1
DA:10,1
DA:16,0
DA:18,0
DA:20,0
DA:21,0
DA:22,0
DA:23,0
DA:24,0
LF:10
LH:3
end_of_record
SF:lib/bloc/password/password_state.dart
DA:6,5
DA:7,5
DA:8,5
DA:12,5
DA:14,10
DA:16,5
DA:17,10
LF:7
LH:7
end_of_record
SF:lib/bloc/password/password_event.dart
DA:5,5
DA:10,5
LF:2
LH:2
end_of_record
SF:lib/bloc/password/password_bloc.dart
DA:10,15
DA:11,10
DA:12,10
DA:13,20
LF:4
LH:4
end_of_record
SF:lib/bloc/proposal/proposal_state.dart
DA:8,2
DA:10,1
DA:13,4
DA:15,2
DA:16,2
DA:17,4
DA:23,1
DA:28,1
DA:29,0
DA:30,1
DA:31,0
LF:11
LH:9
end_of_record
SF:lib/bloc/proposal/proposal_event.dart
DA:4,2
DA:8,0
DA:13,1
DA:17,2
LF:4
LH:3
end_of_record
SF:lib/bloc/proposal/proposal_bloc.dart
DA:13,6
DA:14,2
DA:15,0
DA:16,0
DA:17,0
DA:18,0
DA:23,3
DA:24,2
DA:25,2
DA:26,3
DA:28,1
DA:31,4
DA:32,4
DA:33,0
DA:34,0
DA:35,0
DA:36,0
DA:37,0
DA:38,0
DA:39,0
DA:40,0
DA:41,0
DA:42,0
DA:43,0
DA:44,0
DA:45,0
DA:47,0
LF:27
LH:9
end_of_record
SF:lib/chain/filecoinWallet.dart
DA:8,1
DA:9,1
DA:13,0
DA:16,0
DA:17,0
DA:20,0
DA:22,0
DA:23,0
DA:26,0
DA:28,0
DA:29,0
DA:36,2
DA:39,4
DA:40,0
LF:14
LH:4
end_of_record
SF:lib/common/libsodium.dart
DA:8,0
DA:9,0
DA:14,0
DA:15,0
DA:19,2
DA:21,2
DA:23,0
DA:24,0
DA:27,0
DA:28,0
DA:29,0
DA:30,0
DA:31,0
DA:33,0
DA:39,0
DA:41,0
DA:42,0
DA:43,0
DA:44,0
DA:45,0
DA:47,0
DA:48,0
DA:49,0
DA:50,0
DA:52,0
DA:64,2
DA:66,2
DA:67,4
DA:68,0
DA:69,0
DA:70,0
DA:71,0
DA:73,0
DA:74,0
DA:75,0
DA:77,0
LF:36
LH:5
end_of_record
SF:lib/common/toast.dart
DA:9,9
DA:10,1
DA:12,1
DA:13,1
DA:14,1
DA:15,1
DA:16,1
DA:17,2
DA:18,1
DA:19,1
DA:20,1
DA:22,1
DA:23,1
DA:24,1
DA:27,1
DA:31,2
DA:32,6
DA:33,2
DA:34,2
DA:37,2
DA:41,2
DA:43,2
DA:47,8
DA:48,2
DA:52,6
DA:53,18
DA:54,6
DA:55,6
DA:58,6
DA:61,6
DA:64,6
DA:69,3
DA:70,9
DA:71,3
DA:72,3
DA:75,3
DA:78,3
DA:81,3
DA:83,3
DA:87,8
DA:88,2
LF:41
LH:41
end_of_record
SF:lib/data/preferences_manager.dart
DA:6,0
DA:7,0
DA:10,0
DA:11,0
DA:12,0
DA:15,0
DA:16,0
DA:21,2
DA:22,3
DA:24,1
DA:26,1
DA:30,0
DA:31,0
DA:32,0
LF:14
LH:4
end_of_record
SF:lib/models/gas.dart
DA:7,33
DA:14,1
DA:15,2
DA:16,2
DA:17,2
DA:18,2
DA:19,2
DA:21,1
DA:22,1
DA:23,1
DA:24,1
DA:25,1
DA:26,1
DA:27,1
DA:31,3
DA:33,1
DA:35,3
DA:41,1
DA:43,5
DA:45,0
DA:49,1
DA:51,4
DA:52,2
LF:23
LH:22
end_of_record
SF:lib/models/nonce.g.dart
DA:13,0
DA:15,0
DA:16,0
DA:17,0
DA:19,0
DA:20,0
DA:21,0
DA:25,0
DA:28,0
DA:29,0
DA:30,0
DA:31,0
DA:32,0
DA:35,0
DA:36,0
DA:38,0
DA:41,0
DA:42,0
DA:43,0
DA:50,0
DA:52,0
DA:53,0
DA:54,0
DA:56,0
DA:57,0
DA:58,0
DA:59,0
DA:60,0
DA:64,0
DA:67,0
DA:68,0
DA:69,0
DA:70,0
DA:71,0
DA:72,0
DA:73,0
DA:74,0
DA:75,0
DA:78,0
DA:79,0
DA:81,0
DA:84,0
DA:85,0
DA:86,0
LF:44
LH:0
end_of_record
SF:lib/models/nonce.dart
DA:10,1
DA:11,1
DA:12,2
DA:13,2
DA:15,1
DA:16,3
DA:30,1
DA:36,2
LF:8
LH:8
end_of_record
SF:lib/pages/transfer/transfer.dart
DA:28,1
DA:29,1
DA:42,1
DA:44,1
DA:45,5
DA:46,5
DA:48,2
DA:49,4
DA:50,0
DA:54,0
DA:55,1
DA:57,1
DA:58,2
DA:59,2
DA:60,2
DA:64,0
DA:66,0
DA:67,0
DA:69,0
DA:74,0
DA:76,0
DA:80,0
DA:81,0
DA:84,0
DA:85,0
DA:89,0
DA:94,0
DA:95,0
DA:96,0
DA:97,0
DA:98,0
DA:99,0
DA:100,0
DA:103,0
DA:104,0
DA:107,0
DA:108,0
DA:111,0
DA:112,0
DA:115,0
DA:116,0
DA:117,0
DA:120,0
DA:121,0
DA:122,0
DA:129,0
DA:131,0
DA:132,0
DA:133,0
DA:134,0
DA:135,0
DA:136,0
DA:137,0
DA:138,0
DA:142,0
DA:144,0
DA:145,0
DA:146,0
DA:147,0
DA:152,0
DA:153,0
DA:154,0
DA:155,0
DA:157,0
DA:162,0
DA:163,0
DA:164,0
DA:165,0
DA:166,0
DA:167,0
DA:169,0
DA:176,0
DA:177,0
DA:178,0
DA:179,0
DA:180,0
DA:181,0
DA:182,0
DA:185,0
DA:186,0
DA:187,0
DA:190,0
DA:191,0
DA:192,0
DA:193,0
DA:194,0
DA:195,0
DA:196,0
DA:201,1
DA:203,1
DA:204,1
DA:205,1
DA:206,1
DA:207,1
DA:208,1
DA:209,1
DA:210,1
DA:212,1
DA:214,1
DA:217,0
DA:218,0
DA:221,0
DA:222,0
DA:223,0
DA:224,0
DA:226,0
DA:228,0
DA:231,0
DA:234,1
DA:235,1
DA:236,1
DA:238,1
DA:239,1
DA:240,1
DA:241,1
DA:242,1
DA:243,1
DA:244,2
DA:245,1
DA:247,0
DA:248,0
DA:250,0
DA:251,0
DA:257,1
DA:258,1
DA:259,1
DA:260,2
DA:261,1
DA:262,3
DA:263,4
DA:264,1
DA:278,0
DA:279,0
DA:281,0
DA:282,0
DA:283,0
DA:284,0
DA:287,0
DA:288,0
DA:289,0
DA:291,0
DA:292,0
DA:293,0
DA:296,0
DA:297,0
DA:298,0
DA:299,0
DA:300,0
DA:301,0
DA:302,0
DA:307,0
DA:310,0
DA:311,0
DA:312,0
DA:313,0
DA:314,0
DA:315,0
DA:316,0
DA:338,0
DA:346,0
DA:348,0
DA:349,0
DA:350,0
DA:351,0
DA:354,0
DA:355,0
DA:356,0
DA:357,0
DA:358,0
DA:359,0
DA:360,0
DA:361,0
DA:362,0
DA:364,0
DA:365,0
DA:366,0
DA:369,0
DA:370,0
DA:371,0
DA:376,0
DA:379,0
DA:381,0
DA:382,0
DA:383,0
DA:386,0
DA:387,0
DA:388,0
DA:395,0
DA:396,0
DA:398,0
DA:401,0
DA:402,0
DA:403,0
DA:405,0
DA:406,0
DA:407,0
DA:408,0
DA:410,0
DA:415,0
DA:416,0
DA:418,0
DA:421,0
DA:422,0
DA:423,0
DA:425,0
DA:426,0
DA:427,0
DA:430,0
DA:431,0
DA:433,0
DA:436,0
DA:437,0
DA:440,0
DA:441,0
DA:442,0
DA:444,0
DA:445,0
DA:446,0
DA:447,0
DA:449,0
DA:450,0
DA:451,0
DA:452,0
DA:453,0
DA:455,0
DA:456,0
DA:464,0
LF:227
LH:43
end_of_record
SF:lib/repository/http/http.dart
DA:8,0
DA:13,0
DA:14,0
DA:17,0
DA:19,0
DA:21,0
DA:23,0
DA:24,0
DA:26,0
DA:30,0
DA:31,0
DA:34,0
LF:12
LH:0
end_of_record
SF:lib/widgets/bottomSheet.dart
DA:69,0
DA:81,0
DA:82,0
DA:83,0
DA:84,0
DA:85,0
DA:163,0
DA:164,0
DA:172,0
DA:173,0
DA:185,0
DA:187,0
DA:188,0
DA:191,0
DA:192,0
DA:194,0
DA:195,0
DA:196,0
DA:200,0
DA:201,0
DA:202,0
DA:203,0
DA:204,0
DA:207,0
DA:208,0
DA:209,0
DA:211,0
DA:213,0
DA:214,0
DA:215,0
DA:217,0
DA:220,0
DA:221,0
DA:222,0
DA:225,0
DA:228,0
DA:229,0
DA:236,0
DA:240,0
DA:241,0
DA:242,0
DA:247,0
DA:250,0
DA:252,0
DA:254,0
DA:255,0
DA:257,0
DA:259,0
DA:260,0
DA:265,0
DA:266,0
DA:267,0
DA:270,0
DA:272,0
DA:273,0
DA:274,0
DA:275,0
DA:288,1
DA:293,1
DA:295,1
DA:296,1
DA:297,1
DA:299,1
DA:300,0
DA:301,3
DA:305,1
DA:307,6
DA:310,1
DA:312,3
DA:317,1
DA:326,0
DA:327,0
DA:328,1
DA:338,1
DA:339,1
DA:345,1
DA:346,3
DA:347,1
DA:348,1
DA:350,1
DA:351,0
DA:352,0
DA:353,0
DA:354,1
DA:359,0
DA:361,0
DA:364,0
DA:366,0
DA:367,0
DA:372,1
DA:374,1
DA:375,1
DA:376,1
DA:378,1
DA:379,1
DA:381,1
DA:382,3
DA:383,1
DA:384,3
DA:385,0
DA:386,0
DA:387,0
DA:390,3
DA:391,2
DA:392,2
DA:393,2
DA:394,2
DA:395,2
DA:396,1
DA:397,1
DA:399,1
DA:402,2
DA:403,1
DA:405,4
DA:406,1
DA:411,1
DA:412,1
DA:413,1
DA:414,2
DA:425,1
DA:438,0
DA:439,0
DA:440,0
DA:441,1
DA:454,0
DA:457,0
DA:460,1
DA:461,1
DA:466,1
DA:467,1
DA:471,1
DA:473,1
DA:474,1
DA:475,3
DA:476,1
DA:479,1
DA:483,2
DA:486,1
DA:489,1
DA:491,1
DA:492,1
DA:493,1
DA:495,3
DA:496,1
DA:497,1
DA:498,1
DA:499,1
DA:502,3
DA:527,0
DA:530,0
DA:531,0
DA:541,0
DA:543,0
DA:544,0
DA:546,0
DA:550,0
DA:554,0
DA:555,0
DA:556,0
DA:559,0
DA:561,0
DA:659,1
DA:673,0
DA:674,0
DA:675,0
DA:676,0
DA:677,0
DA:678,0
DA:679,1
DA:680,1
DA:682,1
DA:683,2
DA:685,1
DA:687,2
DA:738,0
DA:746,0
DA:747,0
DA:748,0
DA:750,0
LF:179
LH:79
end_of_record
SF:lib/widgets/style.dart
DA:3,18
DA:4,36
DA:8,1
DA:9,1
DA:12,1
DA:13,1
DA:16,6
DA:17,6
DA:20,12
DA:21,12
DA:24,3
DA:25,3
DA:26,6
DA:29,0
DA:30,0
DA:35,1
DA:36,1
DA:39,1
DA:40,1
DA:43,1
DA:44,1
DA:47,1
DA:48,1
DA:51,1
DA:52,1
DA:55,1
DA:56,1
DA:59,1
DA:60,1
DA:63,1
DA:64,1
DA:67,1
DA:68,1
DA:71,1
DA:72,1
DA:77,44
DA:78,44
DA:81,25
DA:82,25
DA:85,4
DA:86,4
DA:89,6
DA:90,6
DA:93,1
DA:94,1
DA:97,1
DA:98,1
LF:47
LH:45
end_of_record
SF:lib/common/private.dart
DA:6,0
DA:7,0
DA:8,0
DA:12,1
DA:13,1
DA:14,1
DA:15,3
DA:18,1
DA:22,1
DA:23,3
DA:24,1
DA:26,3
DA:30,0
DA:42,0
DA:46,0
DA:47,0
DA:51,0
DA:52,0
DA:53,0
DA:54,0
DA:55,0
DA:56,0
DA:57,0
DA:59,0
DA:63,0
DA:65,0
DA:66,0
DA:67,0
DA:78,0
DA:83,0
DA:84,0
DA:85,0
LF:32
LH:9
end_of_record
SF:lib/common/formatter.dart
DA:6,3
DA:12,2
DA:15,4
DA:16,0
DA:19,6
DA:23,4
DA:24,6
DA:25,4
DA:28,2
DA:29,2
DA:31,8
DA:32,4
DA:35,0
DA:36,0
LF:14
LH:11
end_of_record
SF:lib/models/nonce_unit.g.dart
DA:13,0
DA:15,0
DA:16,0
DA:17,0
DA:19,0
DA:20,0
DA:21,0
DA:22,0
DA:26,0
DA:29,0
DA:30,0
DA:31,0
DA:32,0
DA:33,0
DA:34,0
DA:35,0
DA:38,0
DA:39,0
DA:41,0
DA:44,0
DA:45,0
DA:46,0
LF:22
LH:0
end_of_record
SF:lib/models/nonce_unit.dart
DA:15,1
DA:17,1
DA:18,2
DA:19,2
DA:20,2
DA:23,1
DA:24,1
DA:25,2
DA:26,2
DA:27,2
LF:10
LH:10
end_of_record
SF:lib/widgets/text.dart
DA:11,50
DA:13,50
DA:15,50
DA:16,50
DA:17,50
DA:18,200
DA:22,20
DA:23,20
DA:25,20
DA:30,8
DA:31,8
DA:33,8
DA:34,8
DA:38,3
DA:39,3
DA:42,3
DA:45,3
DA:49,6
DA:51,6
DA:53,6
DA:59,3
DA:60,3
LF:22
LH:22
end_of_record
SF:lib/models/private.dart
DA:4,2
DA:5,2
DA:6,6
DA:9,2
DA:10,2
DA:11,2
LF:6
LH:6
end_of_record
SF:lib/event/index.dart
DA:5,1
LF:1
LH:1
end_of_record
SF:lib/pages/main/widgets/select.dart
DA:23,2
DA:29,2
DA:31,2
DA:36,2
DA:38,2
DA:39,4
DA:40,2
DA:44,2
DA:46,2
DA:47,4
DA:48,4
DA:51,0
DA:52,0
DA:53,0
DA:54,0
DA:55,0
DA:57,0
DA:58,0
DA:60,0
DA:61,0
DA:62,0
DA:63,0
DA:64,0
DA:68,2
DA:69,2
DA:70,2
DA:72,2
DA:74,6
DA:75,6
DA:76,2
DA:77,5
DA:78,3
DA:79,2
DA:80,2
DA:81,0
DA:83,2
DA:85,0
DA:86,0
DA:89,2
DA:90,4
DA:91,4
DA:92,4
DA:95,2
DA:98,0
DA:99,0
DA:101,0
DA:102,0
DA:104,0
DA:105,0
DA:110,2
DA:111,6
DA:112,2
DA:113,2
DA:114,2
DA:115,2
DA:116,2
DA:117,4
DA:118,4
DA:120,2
DA:128,2
DA:130,2
DA:131,4
DA:132,4
DA:133,2
DA:135,2
DA:136,2
DA:137,8
DA:138,4
DA:139,2
DA:140,2
DA:141,6
DA:142,0
DA:143,0
DA:144,0
DA:150,2
DA:153,2
DA:154,2
DA:155,2
DA:156,2
DA:157,2
DA:158,6
DA:159,4
DA:162,2
DA:163,4
DA:177,2
DA:185,2
DA:186,2
DA:188,2
DA:189,2
DA:190,2
DA:191,2
DA:192,2
DA:193,2
DA:194,2
DA:195,2
DA:200,2
DA:203,2
DA:206,4
DA:210,2
DA:214,2
DA:223,2
DA:231,2
DA:232,2
DA:234,6
DA:235,2
DA:237,1
DA:239,1
DA:240,1
DA:243,2
DA:244,1
DA:247,1
DA:248,4
DA:249,2
DA:250,1
DA:251,1
DA:252,1
DA:253,1
DA:254,1
DA:255,1
DA:256,1
DA:260,1
DA:261,1
DA:264,1
DA:265,2
DA:266,1
DA:267,2
DA:272,1
DA:273,1
DA:274,2
DA:275,3
DA:276,0
DA:277,1
DA:279,1
DA:282,1
DA:283,1
DA:285,1
DA:287,1
DA:291,1
DA:292,1
DA:295,1
DA:296,4
DA:297,1
LF:142
LH:117
end_of_record
SF:lib/pages/message/deposit.dart
DA:35,1
DA:37,1
DA:50,1
DA:52,1
DA:53,2
DA:54,2
DA:55,0
DA:58,4
DA:59,0
DA:60,0
DA:61,0
DA:63,0
DA:64,0
DA:65,0
DA:66,0
DA:67,0
DA:69,0
DA:72,0
DA:73,0
DA:76,0
DA:77,0
DA:84,1
DA:86,1
DA:87,2
DA:90,0
DA:91,0
DA:92,0
DA:93,0
DA:94,0
DA:96,0
DA:100,0
DA:101,0
DA:102,0
DA:103,0
DA:105,0
DA:106,0
DA:108,0
DA:111,0
DA:112,0
DA:115,0
DA:116,0
DA:117,0
DA:118,0
DA:119,0
DA:120,0
DA:121,0
DA:122,0
DA:125,0
DA:126,0
DA:127,0
DA:128,0
DA:130,0
DA:135,0
DA:136,0
DA:142,0
DA:143,0
DA:146,0
DA:152,0
DA:153,0
DA:154,0
DA:155,0
DA:156,0
DA:159,0
DA:164,1
DA:165,1
DA:166,2
DA:167,1
DA:168,1
DA:169,1
DA:170,1
DA:171,1
DA:172,1
DA:174,1
DA:175,1
DA:176,1
DA:177,1
DA:178,1
DA:179,1
DA:180,1
DA:182,1
DA:183,1
DA:184,1
DA:186,1
DA:188,0
DA:189,0
DA:192,2
DA:193,1
DA:199,1
DA:200,1
DA:202,1
DA:203,0
DA:204,0
DA:205,0
DA:206,0
DA:207,0
DA:208,0
DA:214,1
DA:219,1
DA:221,1
DA:222,2
DA:224,2
DA:225,1
DA:226,1
DA:227,2
DA:228,1
DA:229,0
DA:230,0
DA:231,0
DA:233,1
DA:234,1
DA:235,0
DA:236,0
DA:237,0
DA:238,0
DA:239,0
DA:241,0
DA:246,1
DA:247,1
DA:248,1
DA:249,1
DA:250,1
DA:251,1
DA:252,1
DA:253,1
DA:254,1
DA:255,1
DA:257,1
DA:258,1
DA:259,1
DA:261,1
DA:262,0
DA:264,0
DA:266,2
DA:267,1
DA:268,1
DA:270,1
DA:271,0
DA:273,0
DA:276,2
DA:280,1
DA:281,1
DA:282,1
DA:283,1
DA:284,1
DA:285,1
DA:286,1
DA:287,1
DA:288,1
DA:290,0
DA:291,0
DA:294,1
DA:295,1
DA:296,1
DA:299,1
DA:300,1
DA:301,1
DA:304,1
DA:305,1
DA:306,1
DA:308,1
DA:309,2
DA:311,3
DA:314,1
DA:316,1
DA:324,1
DA:325,1
DA:327,1
DA:328,1
DA:329,1
DA:331,1
DA:333,3
DA:334,2
DA:337,1
DA:340,1
DA:341,1
DA:342,1
DA:343,1
DA:344,1
LF:178
LH:102
end_of_record
SF:lib/pages/other/scan.dart
DA:15,82
DA:25,1
DA:27,1
DA:37,1
DA:39,1
DA:40,2
DA:41,0
DA:46,0
DA:48,0
DA:49,0
DA:50,0
DA:52,0
DA:55,0
DA:57,0
DA:59,0
DA:62,0
DA:63,0
DA:65,0
DA:69,0
DA:72,0
DA:81,1
DA:83,1
DA:84,1
DA:85,1
DA:86,1
DA:87,1
DA:88,1
DA:90,1
DA:91,0
DA:92,0
DA:93,0
DA:94,0
DA:95,0
DA:97,0
DA:107,1
DA:112,1
DA:114,1
DA:115,1
DA:116,0
DA:117,0
DA:119,1
LF:41
LH:19
end_of_record
SF:lib/widgets/dialog.dart
DA:17,3
DA:19,3
DA:21,3
DA:22,3
DA:23,3
DA:25,3
DA:27,3
DA:28,3
DA:31,3
DA:33,3
DA:34,3
DA:36,3
DA:42,0
DA:44,0
DA:54,4
DA:55,4
DA:57,4
DA:58,4
DA:59,4
DA:60,4
DA:64,4
DA:65,4
DA:66,8
DA:67,4
DA:68,4
DA:69,4
DA:75,4
DA:78,4
DA:79,4
DA:80,4
DA:82,4
DA:84,0
DA:85,0
DA:88,4
DA:98,1
DA:99,1
DA:101,1
DA:107,1
DA:108,3
DA:109,1
DA:110,0
DA:113,2
DA:117,4
DA:119,1
DA:121,1
DA:122,2
DA:123,1
DA:124,0
DA:127,2
DA:131,0
DA:132,0
DA:133,0
DA:136,2
DA:137,1
DA:141,1
DA:143,1
DA:145,1
DA:146,1
DA:147,1
DA:148,1
DA:149,1
DA:152,1
DA:153,1
DA:155,1
DA:158,1
DA:160,1
DA:163,1
DA:165,1
DA:166,1
DA:167,1
DA:168,1
DA:170,1
DA:171,1
DA:172,1
DA:176,0
DA:177,0
DA:180,1
DA:182,1
DA:184,1
DA:185,1
DA:187,1
DA:188,1
DA:189,1
DA:190,1
DA:194,1
DA:195,1
DA:208,1
DA:210,1
DA:212,1
DA:216,1
DA:219,1
DA:221,1
DA:223,1
DA:224,1
DA:225,1
DA:226,1
DA:228,1
DA:229,1
DA:231,2
DA:232,0
DA:233,0
DA:238,1
DA:240,1
DA:245,1
DA:248,1
DA:249,1
DA:252,1
DA:254,1
DA:257,1
DA:260,1
DA:262,1
DA:263,1
DA:264,1
DA:265,1
DA:267,1
DA:268,1
DA:269,1
DA:273,0
DA:274,0
DA:277,1
DA:279,1
DA:281,1
DA:282,1
DA:284,1
DA:285,1
DA:286,1
DA:287,1
DA:291,0
DA:293,0
LF:129
LH:112
end_of_record
SF:lib/widgets/field.dart
DA:22,15
DA:37,14
DA:39,14
DA:40,14
DA:41,14
DA:42,14
DA:43,14
DA:45,14
DA:46,14
DA:47,28
DA:48,14
DA:50,14
DA:51,14
DA:52,14
DA:56,28
DA:59,14
DA:60,28
DA:62,14
DA:64,14
DA:65,14
DA:66,14
DA:68,14
DA:69,14
DA:70,14
DA:71,14
DA:72,14
DA:73,14
DA:74,14
DA:75,14
DA:76,14
DA:78,28
DA:79,14
DA:80,14
DA:81,14
DA:82,14
DA:83,14
DA:85,14
DA:86,14
DA:87,14
DA:91,14
DA:92,14
DA:93,14
LF:42
LH:42
end_of_record
SF:lib/widgets/other.dart
DA:6,5
DA:7,5
DA:9,5
DA:10,5
DA:11,5
DA:12,5
DA:14,5
DA:16,5
LF:8
LH:8
end_of_record
SF:lib/widgets/scaffold.dart
DA:28,37
DA:43,37
DA:45,37
DA:47,105
DA:48,37
DA:49,37
DA:50,37
DA:52,105
DA:54,37
DA:55,37
DA:56,37
DA:60,37
DA:61,35
DA:62,35
DA:63,0
DA:64,0
DA:69,35
DA:72,37
DA:74,37
DA:76,37
DA:78,37
DA:79,26
DA:82,26
DA:83,26
DA:84,52
DA:86,26
DA:87,26
DA:88,26
DA:89,26
DA:90,26
DA:92,12
DA:93,12
DA:98,11
LF:33
LH:31
end_of_record
SF:lib/widgets/button.dart
DA:14,82
DA:15,0
DA:16,0
DA:17,0
DA:19,0
DA:23,0
DA:26,0
DA:29,0
DA:32,0
DA:35,0
DA:38,0
DA:41,0
DA:44,0
DA:47,0
DA:56,8
DA:57,0
DA:58,0
DA:59,0
DA:60,0
DA:61,0
DA:62,0
DA:63,0
DA:64,0
DA:65,0
DA:67,0
DA:68,0
DA:70,0
DA:74,0
DA:75,0
DA:77,0
DA:78,0
DA:80,0
DA:81,0
DA:83,0
DA:84,0
DA:88,0
DA:91,8
DA:93,8
DA:94,8
DA:95,8
DA:97,8
DA:98,8
DA:101,14
DA:103,8
DA:106,8
DA:107,8
DA:108,14
DA:112,0
DA:113,0
LF:49
LH:13
end_of_record
SF:lib/widgets/card.dart
DA:10,10
DA:11,10
DA:13,10
DA:14,10
DA:15,10
DA:16,10
DA:23,13
DA:24,13
DA:26,13
DA:27,13
DA:28,13
DA:29,13
DA:30,52
DA:31,13
DA:32,13
DA:33,13
DA:34,26
DA:35,13
DA:36,13
DA:39,52
DA:42,13
DA:54,13
DA:55,13
DA:57,13
DA:59,13
DA:60,13
DA:62,52
DA:66,13
LF:28
LH:28
end_of_record
SF:lib/widgets/layout.dart
DA:3,4
DA:4,4
DA:10,7
DA:11,7
DA:18,1
DA:19,1
DA:20,1
DA:21,1
DA:22,0
DA:23,0
DA:24,2
DA:25,2
DA:26,7
DA:27,7
DA:28,0
DA:29,0
DA:30,0
DA:31,0
LF:18
LH:12
end_of_record
SF:lib/pages/message/method.dart
DA:22,12
DA:23,6
DA:24,6
DA:25,6
DA:26,6
DA:27,6
DA:28,6
DA:30,3
DA:31,6
DA:33,3
DA:34,0
DA:35,0
DA:36,0
DA:37,0
DA:39,0
DA:42,3
DA:43,0
DA:44,0
DA:46,0
DA:50,9
DA:53,3
DA:54,12
DA:60,1
DA:62,1
DA:69,0
DA:70,0
DA:71,0
DA:72,0
DA:75,1
DA:76,1
DA:86,1
DA:88,1
DA:91,1
DA:94,5
DA:95,1
DA:96,4
DA:97,2
DA:98,1
DA:99,1
DA:100,1
DA:101,0
DA:102,0
DA:104,1
DA:105,1
DA:106,2
DA:107,2
DA:108,1
DA:111,1
DA:112,3
DA:113,1
DA:114,1
DA:116,2
DA:117,0
DA:118,0
DA:122,1
DA:124,1
DA:125,0
DA:126,0
DA:127,0
DA:128,0
DA:130,1
DA:131,1
DA:132,1
DA:133,1
DA:134,0
DA:137,1
DA:138,2
DA:139,2
DA:140,1
DA:142,1
DA:146,1
DA:149,1
DA:150,1
DA:151,1
DA:154,1
DA:155,1
DA:156,2
DA:157,1
DA:160,1
DA:163,1
DA:164,2
DA:165,1
DA:169,1
DA:171,1
DA:172,2
DA:191,1
DA:197,1
DA:198,2
DA:201,1
DA:203,1
DA:204,1
DA:205,1
DA:206,1
DA:207,1
DA:208,1
DA:209,1
DA:210,1
DA:211,1
DA:212,1
DA:213,1
DA:214,1
DA:215,1
DA:216,1
DA:218,1
DA:220,1
DA:225,1
DA:227,1
DA:228,2
DA:229,1
DA:231,1
DA:232,1
DA:233,2
DA:234,1
DA:243,0
DA:248,0
DA:249,0
DA:251,0
DA:252,0
DA:253,0
DA:254,0
DA:255,0
DA:256,0
DA:260,0
DA:261,0
DA:262,0
DA:264,0
DA:268,0
DA:269,0
DA:272,0
LF:129
LH:92
end_of_record
SF:lib/pages/multi/proposal.dart
DA:39,1
DA:41,1
DA:60,0
DA:61,0
DA:64,0
DA:65,0
DA:66,0
DA:67,0
DA:68,0
DA:73,0
DA:74,0
DA:77,0
DA:78,0
DA:81,1
DA:83,1
DA:84,2
DA:85,5
DA:86,2
DA:87,0
DA:88,0
DA:89,0
DA:90,0
DA:91,0
DA:93,0
DA:94,0
DA:95,0
DA:96,0
DA:97,0
DA:99,0
DA:100,0
DA:101,0
DA:102,0
DA:103,0
DA:104,0
DA:106,0
DA:107,0
DA:108,0
DA:109,0
DA:110,0
DA:111,0
DA:115,0
DA:116,0
DA:117,0
DA:119,0
DA:120,0
DA:124,4
DA:125,0
DA:129,1
DA:131,1
DA:132,2
DA:135,0
DA:136,0
DA:137,0
DA:138,0
DA:139,0
DA:140,0
DA:141,0
DA:144,0
DA:147,0
DA:148,0
DA:149,0
DA:151,0
DA:152,0
DA:154,0
DA:155,0
DA:157,0
DA:159,0
DA:160,0
DA:162,0
DA:165,0
DA:166,0
DA:167,0
DA:169,0
DA:170,0
DA:172,0
DA:174,0
DA:175,0
DA:182,0
DA:184,0
DA:185,0
DA:186,0
DA:187,0
DA:190,0
DA:191,0
DA:195,0
DA:197,0
DA:200,0
DA:201,0
DA:202,0
DA:203,0
DA:204,0
DA:206,0
DA:210,0
DA:211,0
DA:213,0
DA:214,0
DA:215,0
DA:219,0
DA:220,0
DA:221,0
DA:222,0
DA:223,0
DA:224,0
DA:228,0
DA:229,0
DA:230,0
DA:231,0
DA:234,0
DA:235,0
DA:237,0
DA:238,0
DA:239,0
DA:241,0
DA:245,0
DA:248,0
DA:249,0
DA:251,0
DA:252,0
DA:255,0
DA:256,0
DA:258,0
DA:259,0
DA:261,0
DA:266,0
DA:267,0
DA:268,0
DA:269,0
DA:273,0
DA:275,0
DA:276,0
DA:277,0
DA:278,0
DA:284,0
DA:286,0
DA:287,0
DA:288,0
DA:291,0
DA:293,0
DA:294,0
DA:297,0
DA:299,0
DA:300,0
DA:301,0
DA:302,0
DA:305,0
DA:306,0
DA:307,0
DA:308,0
DA:310,0
DA:314,0
DA:316,0
DA:317,0
DA:319,0
DA:323,0
DA:324,0
DA:327,0
DA:328,0
DA:331,0
DA:332,0
DA:335,0
DA:336,0
DA:337,0
DA:338,0
DA:340,0
DA:341,0
DA:342,0
DA:343,0
DA:344,0
DA:345,0
DA:348,0
DA:349,0
DA:350,0
DA:351,0
DA:352,0
DA:354,0
DA:356,0
DA:357,0
DA:358,0
DA:360,0
DA:367,0
DA:368,0
DA:369,0
DA:370,0
DA:373,0
DA:374,0
DA:375,0
DA:376,0
DA:377,0
DA:379,0
DA:380,0
DA:381,0
DA:383,0
DA:384,0
DA:385,0
DA:386,0
DA:387,0
DA:388,0
DA:389,0
DA:390,0
DA:393,0
DA:394,0
DA:397,0
DA:398,0
DA:401,0
DA:402,0
DA:403,0
DA:404,0
DA:405,0
DA:406,0
DA:409,0
DA:410,0
DA:415,0
DA:417,0
DA:418,0
DA:419,0
DA:420,0
DA:421,0
DA:422,0
DA:423,0
DA:424,0
DA:425,0
DA:426,0
DA:427,0
DA:428,0
DA:429,0
DA:431,0
DA:432,0
DA:433,0
DA:434,0
DA:435,0
DA:436,0
DA:437,0
DA:439,0
DA:441,0
DA:443,0
DA:445,0
DA:446,0
DA:447,0
DA:448,0
DA:460,0
DA:464,1
DA:466,3
DA:467,1
DA:468,4
DA:470,2
DA:471,1
DA:472,1
DA:473,1
DA:474,0
DA:475,0
DA:477,1
DA:478,1
DA:479,1
DA:480,1
DA:481,1
DA:483,1
DA:485,1
DA:488,1
DA:489,1
DA:490,2
DA:491,1
DA:492,1
DA:493,1
DA:494,1
DA:495,1
DA:497,0
DA:498,0
DA:499,0
DA:500,0
DA:502,0
DA:503,0
DA:507,1
DA:510,1
DA:511,3
DA:512,1
DA:513,1
DA:514,1
DA:515,1
DA:516,1
DA:517,1
DA:519,0
DA:520,0
DA:522,0
DA:527,1
DA:528,2
DA:529,1
DA:530,1
DA:531,1
DA:532,2
DA:533,5
DA:534,0
DA:536,1
DA:539,1
DA:540,2
DA:541,1
DA:542,1
DA:543,1
DA:546,1
DA:547,1
DA:548,1
DA:549,1
DA:550,0
DA:551,0
DA:553,0
DA:554,0
DA:557,2
DA:559,1
DA:560,1
LF:308
LH:63
end_of_record
SF:lib/pages/other/webview.dart
DA:11,1
DA:13,1
DA:24,1
DA:26,1
DA:27,2
DA:29,2
DA:30,2
DA:32,3
DA:33,2
DA:34,1
DA:37,4
DA:38,1
DA:39,2
DA:40,1
DA:46,1
DA:48,1
DA:49,1
DA:54,1
DA:55,1
DA:56,1
DA:58,1
DA:59,1
DA:60,1
DA:61,2
DA:62,2
DA:63,1
DA:64,1
DA:65,1
DA:66,1
DA:70,0
DA:71,0
DA:74,1
DA:77,1
DA:78,1
DA:80,1
DA:81,1
DA:85,0
DA:86,0
DA:94,1
DA:95,1
DA:96,1
DA:97,1
DA:99,0
DA:100,0
DA:102,0
DA:103,0
DA:104,0
DA:107,1
DA:109,1
DA:110,1
DA:111,1
DA:112,1
DA:113,1
DA:114,1
DA:118,1
DA:121,1
DA:127,0
DA:128,0
LF:58
LH:47
end_of_record
SF:lib/widgets/pass.dart
DA:13,5
DA:18,5
DA:20,5
DA:25,5
DA:27,5
DA:28,20
DA:30,10
DA:31,5
DA:33,5
DA:34,5
DA:35,5
DA:36,5
DA:37,5
DA:38,10
DA:42,5
DA:47,15
DA:49,5
DA:51,5
DA:52,5
DA:54,5
DA:55,5
DA:56,5
DA:57,5
DA:58,5
DA:59,5
DA:60,5
DA:61,5
DA:63,10
DA:64,5
DA:66,10
DA:67,5
DA:68,5
DA:69,10
DA:72,15
DA:74,5
DA:75,5
DA:77,10
DA:80,0
DA:81,0
DA:82,0
LF:40
LH:37
end_of_record
SF:lib/widgets/fresh.dart
DA:23,3
DA:33,3
DA:35,3
DA:43,3
DA:45,3
DA:46,6
DA:47,6
DA:48,6
DA:51,6
DA:52,9
DA:53,0
DA:56,6
DA:57,3
DA:61,3
DA:62,6
DA:63,0
DA:66,9
DA:67,3
DA:68,6
DA:70,0
DA:74,0
DA:75,0
DA:76,0
DA:79,0
DA:80,0
DA:81,0
DA:83,0
DA:87,3
DA:89,3
DA:90,3
DA:91,6
DA:92,6
DA:93,3
DA:94,3
DA:95,5
DA:97,2
DA:98,4
DA:99,0
DA:100,0
DA:101,0
DA:102,0
DA:103,0
DA:104,0
DA:106,0
DA:108,2
DA:112,3
DA:113,3
DA:114,6
DA:115,6
DA:117,6
DA:121,3
DA:123,3
DA:124,6
LF:53
LH:36
end_of_record
SF:lib/widgets/wallet.dart
DA:14,2
DA:16,2
DA:18,2
DA:24,2
DA:26,2
DA:27,2
DA:28,2
DA:29,2
DA:32,2
DA:33,2
DA:34,2
DA:35,2
DA:38,2
DA:39,2
DA:40,2
DA:41,2
DA:42,2
DA:43,2
DA:44,2
DA:45,1
DA:46,2
DA:48,2
DA:52,2
DA:55,2
DA:56,2
DA:57,2
DA:58,2
DA:59,1
DA:60,2
DA:62,2
DA:68,2
DA:76,2
DA:77,2
DA:79,2
DA:80,2
DA:81,2
DA:82,2
DA:84,2
DA:85,2
LF:39
LH:39
end_of_record
SF:lib/widgets/qr.dart
DA:12,5
DA:13,5
DA:14,5
DA:15,5
DA:16,8
DA:22,5
DA:24,5
DA:25,1
DA:26,1
DA:28,1
DA:29,1
DA:30,1
DA:31,3
DA:38,5
LF:14
LH:14
end_of_record
SF:lib/app.dart
DA:22,6
DA:26,1
DA:27,1
DA:29,1
DA:36,1
DA:38,1
DA:39,2
DA:40,1
DA:41,1
DA:42,3
DA:43,0
DA:47,1
DA:49,1
DA:50,2
DA:53,0
DA:54,0
DA:55,0
DA:56,0
DA:57,0
DA:58,0
DA:59,0
DA:61,0
DA:62,0
DA:63,0
DA:64,0
DA:65,0
DA:66,0
DA:68,0
DA:70,0
DA:71,0
DA:72,0
DA:78,0
DA:79,0
DA:80,0
DA:81,0
DA:82,0
DA:83,0
DA:84,0
DA:85,0
DA:86,0
DA:89,0
DA:94,0
DA:96,0
DA:97,0
DA:98,0
DA:102,1
DA:103,1
DA:104,4
DA:105,1
DA:106,1
DA:107,0
DA:108,0
DA:109,0
DA:111,0
DA:150,1
DA:151,2
DA:152,0
DA:154,0
DA:159,0
DA:162,0
DA:163,0
DA:164,0
DA:166,0
DA:167,0
DA:175,1
DA:177,1
DA:178,1
DA:180,1
DA:182,1
DA:183,1
DA:184,1
DA:186,2
DA:187,1
DA:188,1
DA:192,3
DA:193,1
DA:199,1
DA:204,1
DA:205,1
DA:206,1
DA:208,0
DA:209,0
DA:210,0
DA:211,0
DA:212,0
LF:85
LH:36
end_of_record
SF:lib/api/push.dart
DA:6,0
DA:7,0
DA:13,0
DA:14,0
DA:15,0
DA:17,0
DA:21,0
DA:23,0
DA:24,0
DA:25,0
DA:28,0
DA:30,0
DA:36,0
DA:37,0
DA:38,0
DA:48,0
DA:49,0
DA:52,0
DA:53,0
DA:54,0
DA:55,0
DA:61,0
LF:22
LH:0
end_of_record
SF:lib/common/navigation.dart
DA:6,1
DA:8,1
DA:9,2
DA:10,1
DA:13,0
DA:15,0
DA:16,0
DA:17,0
LF:8
LH:4
end_of_record
SF:lib/lang/index.dart
DA:6,2
DA:7,2
LF:2
LH:2
end_of_record
SF:lib/routes/index.dart
DA:51,6
DA:53,2
DA:55,2
DA:57,0
DA:59,2
DA:60,4
DA:62,2
DA:63,2
DA:64,2
DA:66,0
DA:67,2
DA:68,2
DA:69,2
DA:70,2
DA:71,2
DA:72,0
DA:74,2
DA:75,2
DA:76,2
DA:77,2
DA:78,2
DA:79,2
DA:81,0
DA:85,2
DA:86,2
DA:88,2
DA:89,2
DA:91,2
DA:92,2
DA:93,2
DA:94,2
DA:95,2
DA:96,2
DA:97,2
DA:99,2
DA:100,2
DA:101,2
DA:102,2
DA:103,2
DA:104,2
DA:106,0
DA:108,2
DA:109,2
DA:110,2
DA:111,0
DA:112,2
DA:113,2
DA:115,2
DA:116,0
DA:117,2
DA:118,2
DA:119,0
DA:120,2
DA:122,0
DA:124,2
DA:126,2
LF:56
LH:47
end_of_record
SF:lib/init/device.dart
DA:6,1
DA:7,1
DA:8,1
DA:9,0
DA:10,0
DA:12,0
DA:14,2
DA:15,0
DA:17,0
LF:9
LH:4
end_of_record
SF:lib/bloc/address/address_event.dart
DA:5,3
DA:10,3
DA:15,0
DA:20,0
LF:4
LH:2
end_of_record
SF:lib/bloc/address/address_bloc.dart
DA:11,9
DA:12,6
DA:13,6
DA:15,6
DA:16,9
DA:18,3
DA:20,0
DA:21,0
DA:22,0
DA:24,3
DA:26,0
DA:27,0
DA:28,0
LF:13
LH:7
end_of_record
SF:lib/bloc/address/address_state.dart
DA:6,3
DA:7,3
DA:8,3
DA:9,3
DA:12,3
DA:14,6
DA:16,3
DA:19,3
DA:20,0
LF:9
LH:8
end_of_record
SF:lib/bloc/check/check_event.dart
DA:5,1
DA:11,1
DA:16,1
DA:21,1
LF:4
LH:4
end_of_record
SF:lib/bloc/check/check_state.dart
DA:7,1
DA:8,1
DA:9,3
DA:11,1
DA:13,3
DA:15,1
DA:16,1
DA:17,0
DA:18,1
LF:9
LH:8
end_of_record
SF:lib/bloc/check/check_bloc.dart
DA:10,3
DA:11,2
DA:12,2
DA:13,5
DA:15,2
DA:16,4
DA:17,5
DA:18,2
DA:19,1
DA:20,3
DA:22,2
DA:23,5
DA:24,5
DA:25,2
DA:26,1
DA:27,3
LF:16
LH:16
end_of_record
SF:lib/bloc/detail/detail_event.dart
DA:5,2
DA:10,2
LF:2
LH:2
end_of_record
SF:lib/bloc/detail/detail_state.dart
DA:16,2
DA:29,2
DA:31,2
DA:32,2
DA:33,2
DA:34,2
DA:35,2
DA:36,2
DA:37,2
DA:38,2
DA:39,2
DA:40,2
DA:41,2
DA:42,2
DA:45,2
DA:46,2
DA:56,2
DA:57,2
DA:61,2
DA:73,2
DA:74,2
DA:75,1
DA:76,1
DA:77,2
DA:78,2
DA:79,1
DA:80,2
DA:81,1
DA:82,2
DA:83,2
DA:84,2
DA:85,2
LF:32
LH:32
end_of_record
SF:lib/bloc/detail/detail_bloc.dart
DA:16,6
DA:17,4
DA:18,2
DA:32,4
DA:33,3
DA:34,3
DA:35,2
DA:36,2
DA:37,2
DA:39,2
DA:41,1
DA:43,4
DA:44,1
DA:45,1
DA:46,2
DA:47,1
DA:48,1
DA:49,1
DA:50,1
DA:51,1
DA:52,1
DA:54,1
DA:55,1
DA:60,0
DA:61,0
DA:62,0
DA:63,0
DA:64,0
DA:65,0
DA:66,0
DA:70,6
LF:31
LH:24
end_of_record
SF:lib/bloc/init/init_bloc.dart
DA:9,9
DA:10,6
DA:11,6
DA:12,12
LF:4
LH:4
end_of_record
SF:lib/bloc/init/init_state.dart
DA:6,3
DA:7,3
DA:8,3
DA:12,3
DA:14,6
DA:16,3
DA:17,6
LF:7
LH:7
end_of_record
SF:lib/bloc/init/init_event.dart
DA:5,3
DA:10,3
LF:2
LH:2
end_of_record
SF:lib/bloc/multi/multi_event.dart
DA:4,2
DA:9,1
DA:14,1
DA:19,1
DA:24,1
DA:31,0
LF:6
LH:5
end_of_record
SF:lib/bloc/multi/multi_state.dart
DA:9,2
DA:16,2
DA:18,2
DA:19,2
DA:20,2
DA:21,2
DA:22,2
DA:23,2
DA:26,2
DA:27,2
DA:31,2
DA:36,2
DA:43,2
DA:44,2
DA:45,2
DA:46,2
DA:47,1
DA:48,2
DA:49,2
LF:19
LH:19
end_of_record
SF:lib/bloc/multi/multi_bloc.dart
DA:16,6
DA:17,3
DA:18,4
DA:19,5
DA:21,4
DA:22,6
DA:23,5
DA:24,4
DA:28,3
DA:29,4
DA:32,3
DA:33,1
DA:34,1
DA:35,3
DA:38,3
DA:39,2
DA:40,1
DA:42,1
DA:45,1
DA:46,0
DA:47,0
DA:48,0
DA:49,0
DA:51,1
DA:52,2
DA:60,2
DA:61,0
DA:62,0
DA:63,0
DA:64,0
DA:66,0
DA:69,0
DA:70,0
DA:71,0
DA:72,0
DA:73,0
DA:77,0
DA:86,1
DA:87,2
DA:89,1
DA:90,1
DA:91,1
DA:92,1
DA:93,1
DA:94,2
DA:95,4
DA:96,0
DA:97,1
DA:98,1
DA:99,1
DA:100,1
DA:101,0
DA:102,0
DA:104,0
DA:107,1
DA:108,0
DA:109,0
DA:114,1
DA:115,0
DA:116,0
DA:122,1
DA:123,1
DA:127,1
DA:129,2
DA:131,1
DA:132,2
DA:133,0
DA:134,2
DA:135,1
DA:137,2
DA:138,1
DA:139,1
DA:140,3
DA:141,1
DA:142,1
DA:143,2
DA:144,4
DA:145,0
DA:148,1
DA:149,1
DA:150,1
DA:152,1
DA:153,2
DA:154,4
DA:155,0
DA:156,1
DA:157,2
DA:158,1
DA:159,0
DA:160,0
DA:161,0
DA:162,0
DA:166,1
DA:168,2
DA:169,2
DA:171,2
DA:172,1
DA:173,1
DA:174,0
DA:175,0
DA:176,0
DA:177,0
DA:178,0
DA:179,0
DA:181,0
DA:182,0
DA:183,0
DA:184,0
DA:186,0
DA:187,0
DA:188,0
DA:191,0
DA:196,0
DA:197,0
DA:200,0
DA:202,0
DA:204,0
DA:207,1
DA:208,1
LF:119
LH:70
end_of_record
SF:lib/bloc/multiDetail/multi_detail_bloc.dart
DA:13,3
DA:14,2
DA:15,4
DA:16,3
DA:17,3
DA:18,4
DA:19,3
LF:7
LH:7
end_of_record
SF:lib/bloc/multiDetail/multi_detail_state.dart
DA:6,1
DA:8,1
DA:10,2
DA:12,1
DA:13,1
DA:14,1
DA:18,1
DA:21,1
DA:22,1
LF:9
LH:9
end_of_record
SF:lib/bloc/multiDetail/multi_detail_event.dart
DA:4,1
DA:9,1
LF:2
LH:2
end_of_record
SF:lib/bloc/push/push_event.dart
DA:5,1
DA:11,1
LF:2
LH:2
end_of_record
SF:lib/bloc/push/push_bloc.dart
DA:10,3
DA:11,2
DA:12,2
DA:13,5
LF:4
LH:4
end_of_record
SF:lib/bloc/push/push_state.dart
DA:7,1
DA:8,1
DA:9,1
DA:11,1
DA:13,3
DA:15,1
DA:16,1
DA:17,1
DA:18,1
LF:9
LH:9
end_of_record
SF:lib/bloc/reset/reset_event.dart
DA:5,1
DA:10,1
LF:2
LH:2
end_of_record
SF:lib/bloc/reset/reset_bloc.dart
DA:9,3
DA:10,2
DA:11,2
DA:12,4
LF:4
LH:4
end_of_record
SF:lib/bloc/reset/reset_state.dart
DA:6,1
DA:7,1
DA:8,1
DA:12,1
DA:14,2
DA:16,1
DA:17,2
LF:7
LH:7
end_of_record
SF:lib/bloc/setting/setting_state.dart
DA:6,1
DA:7,1
DA:8,2
DA:10,0
DA:12,0
DA:14,0
DA:15,0
LF:7
LH:3
end_of_record
SF:lib/bloc/setting/setting_event.dart
DA:5,1
DA:9,1
LF:2
LH:2
end_of_record
SF:lib/bloc/setting/setting_bloc.dart
DA:10,3
DA:11,2
DA:13,0
DA:14,0
LF:4
LH:2
end_of_record
SF:lib/bloc/sign/sign_state.dart
DA:8,1
DA:9,1
DA:10,1
DA:11,1
DA:13,1
DA:15,4
DA:17,1
DA:19,1
DA:20,1
DA:21,1
DA:22,1
LF:11
LH:11
end_of_record
SF:lib/bloc/sign/sign_event.dart
DA:5,1
DA:12,1
LF:2
LH:2
end_of_record
SF:lib/bloc/sign/sign_bloc.dart
DA:10,3
DA:11,2
DA:12,2
DA:13,6
LF:4
LH:4
end_of_record
SF:lib/bloc/unsign/unsign_event.dart
DA:5,2
DA:10,2
LF:2
LH:2
end_of_record
SF:lib/bloc/unsign/unsign_bloc.dart
DA:9,6
DA:10,4
DA:11,4
DA:12,8
LF:4
LH:4
end_of_record
SF:lib/bloc/unsign/unsign_state.dart
DA:6,2
DA:7,2
DA:8,2
DA:10,2
DA:12,4
DA:14,2
DA:15,4
LF:7
LH:7
end_of_record
SF:lib/common/back.dart
DA:6,0
DA:7,0
DA:9,0
DA:10,0
DA:11,0
DA:13,0
LF:6
LH:0
end_of_record
SF:lib/common/time.dart
DA:4,3
DA:5,2
DA:8,3
DA:9,1
LF:4
LH:4
end_of_record
SF:lib/pages/address/add.dart
DA:17,1
DA:19,1
DA:30,1
DA:32,1
DA:33,5
DA:34,0
DA:35,0
DA:36,0
DA:37,0
DA:41,1
DA:42,3
DA:43,3
DA:44,1
DA:45,0
DA:48,3
DA:49,0
DA:52,2
DA:53,0
DA:59,1
DA:60,1
DA:63,3
DA:64,3
DA:65,1
DA:66,1
DA:67,0
DA:69,2
DA:70,1
DA:71,3
DA:72,2
DA:75,1
DA:76,1
DA:79,0
DA:80,0
DA:81,0
DA:82,0
DA:83,0
DA:84,0
DA:86,0
DA:92,1
DA:94,1
DA:95,2
DA:96,2
DA:97,1
DA:98,1
DA:99,1
DA:100,1
DA:101,1
DA:102,1
DA:104,1
DA:106,1
DA:109,1
DA:110,1
DA:111,1
DA:112,1
DA:113,1
DA:114,1
DA:115,1
DA:116,2
DA:117,0
DA:118,0
DA:119,0
DA:123,1
DA:126,1
DA:127,1
DA:128,1
DA:132,1
LF:66
LH:48
end_of_record
SF:lib/pages/address/main.dart
DA:21,2
DA:23,2
DA:29,2
DA:31,2
DA:34,2
DA:36,2
DA:37,8
DA:38,4
DA:39,2
DA:40,2
DA:42,2
DA:43,2
DA:44,2
DA:45,2
DA:46,2
DA:48,0
DA:49,0
DA:50,0
DA:55,2
DA:56,2
DA:57,7
DA:58,2
DA:59,1
DA:61,0
DA:62,0
DA:63,0
DA:64,0
DA:65,0
DA:66,0
DA:69,0
DA:70,0
DA:71,0
DA:73,0
DA:74,0
DA:75,0
DA:89,1
DA:90,1
DA:93,1
DA:94,1
DA:97,1
DA:98,1
DA:111,1
DA:117,1
DA:119,1
DA:120,3
DA:121,1
DA:122,1
DA:124,1
DA:125,1
DA:126,1
DA:127,1
DA:129,0
DA:131,0
DA:133,1
DA:134,1
DA:135,1
DA:136,1
DA:137,1
DA:140,0
DA:142,0
DA:145,1
DA:146,1
DA:147,1
DA:148,1
DA:150,1
DA:151,1
DA:154,1
DA:155,1
DA:156,1
DA:157,3
DA:158,1
DA:159,1
DA:160,3
DA:161,1
DA:164,1
DA:170,1
DA:171,3
DA:176,1
DA:177,1
DA:179,6
DA:180,1
DA:181,0
DA:183,1
LF:83
LH:63
end_of_record
SF:lib/pages/address/select.dart
DA:18,1
DA:20,1
DA:26,1
DA:28,1
DA:31,1
DA:33,1
DA:34,4
DA:35,2
DA:36,1
DA:37,1
DA:40,1
DA:41,1
DA:42,1
DA:43,1
DA:44,1
DA:46,0
DA:47,0
DA:48,0
DA:49,0
DA:55,1
DA:56,1
DA:57,1
DA:58,1
DA:59,1
DA:60,0
DA:61,0
DA:62,0
DA:63,0
DA:67,1
DA:69,1
DA:70,1
DA:71,1
DA:72,1
DA:74,2
DA:75,2
DA:76,1
DA:77,1
DA:81,1
DA:84,1
DA:85,1
DA:86,2
DA:87,0
DA:88,0
DA:89,0
DA:90,0
DA:91,0
DA:92,0
DA:94,0
DA:96,0
DA:98,0
DA:99,0
DA:100,0
DA:103,0
DA:104,0
DA:109,0
DA:110,0
DA:111,0
DA:114,0
DA:115,0
DA:118,0
LF:60
LH:33
end_of_record
SF:lib/pages/address/wallet.dart
DA:11,0
DA:13,0
DA:15,0
DA:16,0
DA:17,0
DA:18,0
LF:6
LH:0
end_of_record
SF:lib/pages/create/entrance.dart
DA:14,1
DA:17,1
DA:19,1
DA:20,1
DA:21,1
DA:22,1
DA:24,1
DA:25,1
DA:26,1
DA:29,1
DA:32,1
DA:33,1
DA:34,1
DA:35,1
DA:36,0
DA:37,0
DA:41,1
DA:44,1
DA:45,1
DA:46,1
DA:47,1
DA:48,0
DA:49,0
DA:51,1
DA:52,1
DA:53,0
DA:54,0
DA:58,1
DA:59,1
DA:61,1
DA:62,1
DA:63,1
DA:64,1
DA:65,1
DA:69,1
DA:70,1
DA:71,1
DA:72,1
DA:73,0
DA:74,0
DA:78,1
DA:79,1
DA:80,1
DA:81,1
DA:85,1
DA:86,1
DA:87,1
DA:88,1
DA:89,0
DA:90,0
DA:94,1
LF:51
LH:41
end_of_record
SF:lib/pages/create/importMne.dart
DA:25,1
DA:26,1
DA:33,1
DA:34,5
DA:35,3
DA:36,1
DA:37,0
DA:40,1
DA:41,0
DA:44,1
DA:45,0
DA:52,1
DA:53,5
DA:54,3
DA:58,1
DA:59,1
DA:60,1
DA:61,2
DA:64,0
DA:65,0
DA:66,0
DA:68,2
DA:69,3
DA:70,1
DA:72,0
DA:75,1
DA:76,1
DA:84,3
DA:88,0
DA:89,0
DA:92,0
DA:94,0
DA:99,1
DA:101,2
DA:102,2
DA:103,1
DA:106,1
DA:108,1
DA:109,1
DA:110,1
DA:111,1
DA:112,1
DA:115,2
DA:116,1
DA:120,1
DA:121,1
DA:122,1
DA:123,1
DA:124,1
DA:126,1
DA:128,1
DA:131,1
DA:132,1
DA:133,1
DA:134,1
DA:137,1
DA:139,1
DA:140,1
DA:141,1
DA:145,1
DA:147,2
DA:148,0
DA:149,0
DA:150,0
DA:155,1
DA:158,1
DA:159,1
DA:160,1
DA:161,1
DA:163,2
DA:167,1
DA:170,1
DA:171,1
DA:173,1
DA:175,1
DA:178,1
DA:179,1
DA:180,1
DA:184,1
LF:79
LH:65
end_of_record
SF:lib/pages/create/importPrivateKey.dart
DA:25,1
DA:26,1
DA:33,1
DA:37,1
DA:38,2
DA:41,0
DA:43,1
DA:44,0
DA:47,2
DA:48,3
DA:49,1
DA:51,0
DA:54,1
DA:61,3
DA:62,1
DA:64,0
DA:69,1
DA:70,3
DA:71,2
DA:72,1
DA:73,0
DA:76,1
DA:77,0
DA:81,1
DA:82,2
DA:83,1
DA:84,1
DA:85,1
DA:86,1
DA:87,0
DA:88,0
DA:90,0
DA:93,0
DA:98,0
DA:99,0
DA:100,0
DA:102,0
DA:104,0
DA:109,1
DA:111,2
DA:112,2
DA:113,1
DA:116,1
DA:118,1
DA:119,1
DA:120,1
DA:121,1
DA:122,1
DA:124,1
DA:125,1
DA:126,1
DA:127,1
DA:128,1
DA:130,1
DA:132,1
DA:135,1
DA:136,1
DA:137,1
DA:138,1
DA:141,1
DA:143,1
DA:144,1
DA:145,1
DA:149,1
DA:151,2
DA:152,0
DA:153,0
DA:154,0
DA:159,1
DA:162,1
DA:163,1
DA:164,1
DA:168,1
DA:170,0
DA:171,0
DA:175,1
DA:176,1
DA:178,1
DA:180,1
DA:183,1
DA:184,1
DA:185,1
DA:189,1
LF:83
LH:63
end_of_record
SF:lib/pages/create/miner.dart
DA:22,1
DA:23,1
DA:30,1
DA:31,3
DA:32,3
DA:33,4
DA:34,2
DA:35,0
DA:38,3
DA:39,0
DA:43,1
DA:45,0
DA:49,1
DA:50,3
DA:51,1
DA:52,1
DA:53,0
DA:56,1
DA:63,1
DA:64,1
DA:65,1
DA:66,1
DA:67,2
DA:68,2
DA:70,0
DA:75,1
DA:77,1
DA:78,1
DA:79,1
DA:81,1
DA:82,1
DA:83,1
DA:84,1
DA:85,0
DA:86,0
DA:87,0
DA:88,0
DA:89,0
DA:93,1
DA:95,1
DA:97,1
DA:100,1
DA:101,2
DA:102,1
DA:105,1
DA:106,1
DA:107,1
DA:108,1
DA:109,2
DA:110,0
DA:111,0
DA:112,0
DA:116,1
DA:119,1
DA:120,1
DA:121,1
DA:123,1
DA:127,1
LF:58
LH:45
end_of_record
SF:lib/pages/create/mne.dart
DA:17,1
DA:19,1
DA:26,1
DA:28,1
DA:29,3
DA:30,1
DA:31,1
DA:32,1
DA:33,1
DA:34,1
DA:35,1
DA:38,1
DA:39,1
DA:40,1
DA:42,1
DA:44,1
DA:46,1
DA:49,1
DA:51,1
DA:54,1
DA:55,1
DA:56,1
DA:58,1
DA:60,0
DA:61,0
DA:69,1
DA:71,2
DA:72,1
DA:73,1
DA:74,0
DA:75,0
DA:77,1
DA:78,1
DA:79,1
DA:80,1
DA:83,1
DA:85,1
DA:87,1
DA:88,1
DA:89,1
DA:93,1
DA:94,1
DA:96,1
DA:101,1
DA:104,1
DA:106,1
DA:107,1
DA:108,1
DA:110,1
DA:113,1
DA:114,1
DA:115,1
DA:116,2
DA:117,2
DA:120,1
DA:124,1
DA:130,1
DA:131,2
DA:132,2
DA:133,0
DA:135,4
DA:136,1
DA:137,1
DA:139,4
DA:141,1
DA:143,1
DA:145,1
DA:162,3
DA:164,3
DA:166,3
DA:167,1
DA:168,1
DA:169,1
DA:172,3
DA:173,3
DA:174,3
DA:175,3
DA:176,3
DA:177,9
DA:179,3
DA:180,3
DA:185,3
DA:186,3
DA:187,6
DA:188,3
DA:189,3
DA:190,3
DA:191,3
DA:196,3
DA:199,3
DA:200,3
DA:201,3
DA:203,3
LF:93
LH:88
end_of_record
SF:lib/pages/create/warn.dart
DA:14,1
DA:16,1
DA:17,1
DA:18,1
DA:19,0
DA:20,0
DA:22,1
DA:24,1
DA:25,1
DA:26,2
DA:28,1
DA:30,1
DA:31,1
DA:32,1
DA:33,1
DA:34,1
DA:35,1
DA:36,1
DA:37,1
DA:38,1
DA:39,1
DA:40,1
DA:41,1
DA:43,1
DA:44,1
DA:46,1
DA:47,1
DA:48,1
DA:61,1
DA:64,1
DA:65,1
DA:66,1
DA:67,1
DA:68,2
DA:69,2
DA:70,2
DA:86,2
DA:87,2
DA:89,2
DA:90,2
DA:91,2
DA:93,2
DA:94,4
DA:95,2
DA:98,2
DA:99,2
DA:100,2
LF:47
LH:45
end_of_record
SF:lib/pages/create/mneCheck.dart
DA:26,1
DA:27,1
DA:35,1
DA:37,1
DA:38,2
DA:39,1
DA:40,1
DA:43,1
DA:44,4
DA:49,1
DA:50,4
DA:55,0
DA:56,0
DA:59,0
DA:64,0
DA:65,0
DA:66,0
DA:68,0
DA:70,0
DA:71,0
DA:73,0
DA:74,0
DA:75,0
DA:77,0
DA:80,0
DA:85,0
DA:88,0
DA:89,0
DA:90,0
DA:92,0
DA:96,1
DA:98,1
DA:99,1
DA:100,4
DA:101,2
DA:102,1
DA:103,0
DA:104,0
DA:105,0
DA:106,0
DA:109,0
DA:110,0
DA:113,1
DA:114,1
DA:115,1
DA:116,1
DA:117,1
DA:118,1
DA:119,1
DA:121,1
DA:122,1
DA:123,1
DA:127,1
DA:128,1
DA:130,1
DA:136,1
DA:137,1
DA:138,1
DA:139,1
DA:142,1
DA:143,1
DA:144,1
DA:145,1
DA:146,1
DA:153,4
DA:154,1
DA:156,2
DA:157,1
DA:158,1
DA:165,1
DA:168,1
DA:170,1
DA:175,4
DA:176,1
DA:177,2
DA:178,1
DA:179,1
DA:180,1
DA:187,1
LF:79
LH:54
end_of_record
SF:lib/pages/create/readonly.dart
DA:23,1
DA:24,1
DA:31,1
DA:32,2
DA:33,3
DA:34,1
DA:35,0
DA:38,3
DA:39,0
DA:43,1
DA:44,3
DA:45,1
DA:46,1
DA:47,0
DA:51,0
DA:54,1
DA:56,0
DA:59,1
DA:66,1
DA:67,1
DA:68,1
DA:69,1
DA:70,2
DA:71,2
DA:74,1
DA:76,1
DA:77,1
DA:78,1
DA:79,1
DA:80,1
DA:81,1
DA:82,0
DA:83,0
DA:84,0
DA:85,0
DA:86,0
DA:90,1
DA:92,1
DA:94,1
DA:97,1
DA:98,1
DA:99,2
DA:100,1
DA:103,1
DA:104,1
DA:105,1
DA:106,2
DA:107,0
DA:108,0
DA:109,0
DA:112,1
DA:114,1
DA:117,1
DA:118,1
DA:119,1
DA:122,1
LF:56
LH:43
end_of_record
SF:lib/pages/init/lang.dart
DA:16,1
DA:17,1
DA:18,2
DA:20,1
DA:21,2
DA:24,4
DA:26,4
DA:27,4
DA:28,4
DA:29,4
DA:30,4
DA:31,4
DA:33,4
DA:34,4
DA:35,4
DA:37,4
DA:39,4
DA:48,4
DA:49,4
DA:50,4
DA:52,4
DA:53,4
DA:54,4
DA:55,4
DA:56,4
DA:61,4
DA:62,4
DA:63,4
DA:65,1
DA:66,1
DA:70,4
DA:73,4
DA:74,4
DA:75,4
DA:77,0
DA:78,0
DA:85,4
DA:86,4
DA:91,4
LF:39
LH:37
end_of_record
SF:lib/pages/init/mode.dart
DA:17,1
DA:19,1
DA:20,2
DA:23,2
DA:25,2
DA:26,2
DA:27,2
DA:28,2
DA:29,2
DA:30,2
DA:32,2
DA:33,2
DA:34,2
DA:35,2
DA:36,2
DA:37,2
DA:40,2
DA:42,0
DA:43,0
DA:48,2
DA:51,2
DA:54,2
DA:63,2
DA:64,2
DA:65,2
DA:67,2
DA:68,2
DA:69,2
DA:70,2
DA:71,2
DA:76,2
DA:77,2
DA:78,2
DA:79,2
DA:80,1
DA:81,1
DA:85,2
DA:88,2
DA:89,2
DA:90,2
DA:91,2
DA:92,0
DA:93,0
DA:100,2
DA:101,2
DA:105,2
DA:108,2
DA:113,2
LF:48
LH:44
end_of_record
SF:lib/pages/init/wallet.dart
DA:16,2
DA:19,2
DA:20,2
DA:21,2
DA:22,2
DA:23,2
DA:24,2
DA:26,2
DA:27,2
DA:28,2
DA:29,2
DA:30,2
DA:31,2
DA:34,2
DA:36,0
DA:37,0
DA:42,2
DA:45,2
DA:48,2
DA:57,2
DA:58,2
DA:59,2
DA:60,2
DA:61,2
DA:63,2
DA:64,2
DA:65,2
DA:66,2
DA:67,2
DA:72,2
DA:73,2
DA:74,2
DA:75,2
DA:76,0
DA:77,0
DA:81,2
DA:84,2
DA:85,2
DA:89,2
DA:92,2
DA:93,2
DA:94,2
DA:95,2
DA:96,0
DA:97,0
DA:99,2
DA:100,2
DA:101,0
DA:102,0
DA:106,2
DA:109,2
DA:110,2
DA:112,2
DA:113,2
DA:114,2
DA:115,2
DA:116,2
DA:117,0
DA:118,0
DA:122,2
DA:125,2
DA:126,2
DA:127,2
DA:128,2
DA:129,0
DA:130,0
DA:134,2
DA:145,2
DA:150,2
LF:69
LH:57
end_of_record
SF:lib/pages/main/drawer.dart
DA:19,2
DA:20,1
DA:22,3
DA:23,3
DA:24,1
DA:25,1
DA:27,1
DA:28,1
DA:31,1
DA:32,1
DA:33,1
DA:34,1
DA:37,1
DA:42,1
DA:45,2
DA:48,0
DA:49,0
DA:50,0
DA:54,1
DA:57,1
DA:58,1
DA:59,1
DA:60,1
DA:61,1
DA:62,1
DA:63,1
DA:64,1
DA:65,1
DA:68,1
DA:71,1
DA:72,1
DA:73,0
DA:74,0
DA:76,1
DA:79,1
DA:80,0
DA:81,0
DA:83,0
DA:84,0
DA:86,1
DA:89,1
DA:90,0
DA:91,0
DA:93,1
DA:96,1
DA:97,1
DA:98,0
DA:99,0
DA:101,1
DA:104,1
DA:105,0
DA:106,0
DA:108,1
DA:111,1
DA:112,0
DA:113,0
DA:116,0
DA:118,1
DA:121,1
DA:122,1
DA:123,1
DA:124,1
DA:125,1
DA:126,1
DA:129,1
DA:131,1
DA:133,1
DA:136,1
DA:140,1
DA:145,1
DA:160,1
DA:162,1
DA:164,1
DA:166,0
DA:167,0
DA:168,0
DA:170,1
DA:171,1
DA:172,1
DA:173,1
DA:174,4
DA:175,1
DA:178,1
DA:179,1
LF:84
LH:63
end_of_record
SF:lib/pages/main/index.dart
DA:34,1
DA:36,1
DA:41,1
DA:43,1
DA:46,0
DA:47,0
DA:48,0
DA:49,0
DA:50,0
DA:55,1
DA:56,1
DA:58,1
DA:60,0
DA:61,0
DA:63,0
DA:64,0
DA:66,0
DA:72,1
DA:73,2
DA:75,0
DA:79,0
DA:80,0
DA:81,0
DA:82,0
DA:83,0
DA:84,0
DA:85,0
DA:88,0
DA:89,0
DA:90,0
DA:92,0
DA:94,0
DA:96,0
DA:99,0
DA:101,0
DA:104,0
DA:105,0
DA:106,0
DA:108,0
DA:110,0
DA:111,0
DA:118,1
DA:120,1
DA:121,0
DA:122,2
DA:129,0
DA:130,0
DA:131,0
DA:134,0
DA:136,0
DA:141,0
DA:142,0
DA:143,0
DA:144,0
DA:145,0
DA:146,0
DA:147,0
DA:148,0
DA:149,0
DA:151,0
DA:152,0
DA:153,0
DA:154,0
DA:155,0
DA:156,0
DA:157,0
DA:159,0
DA:160,0
DA:161,0
DA:163,0
DA:165,0
DA:166,0
DA:169,0
DA:170,0
DA:171,0
DA:172,0
DA:173,0
DA:175,0
DA:180,0
DA:181,0
DA:182,0
DA:183,0
DA:184,0
DA:185,0
DA:187,0
DA:189,0
DA:194,0
DA:198,1
DA:200,1
DA:201,1
DA:202,1
DA:203,1
DA:204,1
DA:205,6
DA:207,0
DA:208,0
DA:209,0
DA:210,0
DA:211,0
DA:213,0
DA:215,0
DA:217,0
DA:219,0
DA:221,0
DA:222,0
DA:224,0
DA:225,0
DA:231,0
DA:232,0
DA:236,0
DA:240,0
DA:241,0
DA:242,0
DA:243,0
DA:247,1
DA:249,1
DA:251,1
DA:252,1
DA:253,1
DA:254,0
DA:255,0
DA:262,3
DA:263,3
DA:264,1
DA:268,1
DA:269,1
DA:270,1
DA:271,1
DA:275,6
DA:276,0
DA:278,0
DA:279,1
DA:280,0
DA:281,0
DA:290,2
DA:291,2
DA:293,2
DA:294,2
DA:296,2
DA:299,2
DA:301,4
DA:302,2
DA:303,2
DA:304,2
DA:306,2
DA:316,3
DA:317,3
DA:319,3
DA:320,3
DA:321,3
DA:322,3
DA:323,9
DA:324,3
DA:325,12
DA:326,3
DA:327,6
DA:329,0
DA:330,0
DA:331,0
DA:339,1
DA:341,1
DA:342,1
DA:343,1
DA:344,4
DA:346,2
DA:347,1
DA:350,1
DA:351,1
DA:352,1
DA:354,1
LF:170
LH:66
end_of_record
SF:lib/pages/main/miner.dart
DA:29,1
DA:31,1
DA:40,0
DA:41,1
DA:43,1
DA:46,1
DA:48,1
DA:49,1
DA:50,0
DA:54,1
DA:55,1
DA:56,5
DA:59,1
DA:61,1
DA:62,2
DA:63,5
DA:64,2
DA:65,1
DA:68,1
DA:69,1
DA:71,1
DA:72,1
DA:73,1
DA:74,1
DA:75,1
DA:78,1
DA:79,2
DA:80,3
DA:84,1
DA:87,1
DA:88,1
DA:89,2
DA:95,1
DA:98,1
DA:100,2
DA:102,1
DA:105,6
DA:106,1
DA:109,2
DA:110,1
DA:111,1
DA:112,2
DA:113,3
DA:114,1
DA:115,2
DA:116,3
DA:117,1
DA:118,2
DA:119,3
DA:123,1
DA:126,1
DA:127,1
DA:130,1
DA:131,1
DA:134,1
DA:143,1
DA:144,1
DA:145,1
DA:146,1
DA:147,1
DA:148,1
DA:151,1
DA:162,1
DA:163,1
DA:165,1
DA:166,1
DA:167,1
DA:168,1
DA:169,1
DA:170,1
DA:171,1
DA:172,1
DA:176,1
DA:177,2
DA:183,1
DA:185,1
DA:190,0
DA:194,1
DA:196,1
DA:199,1
DA:201,1
DA:202,1
DA:203,0
DA:205,1
DA:206,0
DA:210,0
DA:212,1
DA:214,1
DA:215,3
DA:221,1
DA:223,1
DA:224,2
DA:230,1
DA:232,1
DA:233,2
DA:234,5
DA:235,2
DA:236,2
DA:237,1
DA:238,1
DA:239,1
DA:241,1
DA:244,1
DA:245,1
DA:246,1
DA:251,1
DA:252,1
DA:253,1
DA:254,3
DA:256,1
DA:257,1
DA:258,3
DA:260,1
DA:261,1
DA:262,3
DA:264,1
DA:265,1
DA:266,3
DA:268,1
DA:269,1
DA:270,3
DA:272,1
DA:273,1
DA:274,3
DA:276,1
DA:277,1
DA:278,0
DA:280,0
DA:281,0
DA:283,1
DA:284,2
LF:131
LH:122
end_of_record
SF:lib/pages/main/offline.dart
DA:14,1
DA:16,1
DA:17,1
DA:18,1
DA:21,1
DA:22,2
DA:23,3
DA:28,1
DA:31,1
DA:32,1
DA:35,1
DA:36,1
DA:37,1
DA:38,1
DA:40,1
DA:41,2
DA:42,1
DA:50,1
DA:52,1
DA:54,1
DA:55,1
DA:57,1
DA:58,3
DA:59,4
DA:61,1
DA:63,1
DA:64,2
DA:66,1
DA:69,1
DA:70,0
DA:71,0
DA:72,0
DA:74,1
DA:75,1
DA:76,1
DA:77,1
DA:78,1
DA:79,1
DA:83,1
LF:39
LH:36
end_of_record
SF:lib/pages/main/online.dart
DA:39,0
DA:41,0
DA:63,0
DA:65,0
DA:67,0
DA:68,0
DA:70,0
DA:72,0
DA:75,0
DA:76,0
DA:78,0
DA:79,0
DA:80,0
DA:81,0
DA:82,0
DA:93,0
DA:95,0
DA:96,0
DA:99,0
DA:101,0
DA:102,0
DA:103,0
DA:104,0
DA:107,0
DA:109,0
DA:110,0
DA:113,0
DA:114,0
DA:115,0
DA:116,0
DA:117,0
DA:118,0
DA:119,0
DA:120,0
DA:121,0
DA:122,0
DA:125,0
DA:126,0
DA:127,0
DA:128,0
DA:129,0
DA:131,0
DA:133,0
DA:135,0
DA:138,0
DA:141,0
DA:142,0
DA:145,0
DA:146,0
DA:147,0
DA:148,0
DA:151,0
DA:152,0
DA:153,0
DA:154,0
DA:155,0
DA:158,0
DA:159,0
DA:162,0
DA:163,0
DA:164,0
DA:165,0
DA:166,0
DA:167,0
DA:168,0
DA:174,0
DA:178,0
DA:179,0
DA:180,0
DA:186,0
DA:187,0
DA:188,0
DA:189,0
DA:190,0
DA:195,0
DA:196,0
DA:199,0
DA:200,0
DA:204,0
DA:206,0
DA:207,0
DA:208,0
DA:209,0
DA:210,0
DA:211,0
DA:212,0
DA:214,0
DA:215,0
DA:217,0
DA:220,0
DA:222,0
DA:223,0
DA:224,0
DA:225,0
DA:226,0
DA:228,0
DA:230,0
DA:232,0
DA:234,0
DA:235,0
DA:236,0
DA:237,0
DA:238,0
DA:240,0
DA:243,0
DA:244,0
DA:246,0
DA:247,0
DA:248,0
DA:250,0
DA:251,0
DA:253,0
DA:254,0
DA:255,0
DA:258,0
DA:259,0
DA:260,0
DA:264,0
DA:267,0
DA:268,0
DA:269,0
DA:274,0
DA:277,0
DA:278,0
DA:280,0
DA:283,0
DA:284,0
DA:287,0
DA:288,0
DA:289,0
DA:290,0
DA:291,0
DA:292,0
DA:293,0
DA:294,0
DA:295,0
DA:297,0
DA:298,0
DA:299,0
DA:300,0
DA:305,0
DA:306,0
DA:307,0
DA:308,0
DA:309,0
DA:310,0
DA:311,0
DA:313,0
DA:314,0
DA:315,0
DA:317,0
DA:318,0
DA:323,0
DA:324,0
DA:325,0
DA:329,0
DA:337,0
DA:338,0
DA:339,0
DA:340,0
DA:341,0
DA:342,0
DA:343,0
DA:344,0
DA:345,0
DA:347,0
DA:348,0
DA:349,0
DA:351,0
DA:354,0
DA:357,0
DA:359,0
DA:361,0
DA:362,0
DA:363,0
DA:364,0
DA:365,0
DA:366,0
DA:368,0
DA:369,0
DA:370,0
DA:373,0
DA:378,0
DA:382,0
DA:383,0
DA:392,2
DA:397,6
DA:399,2
DA:400,2
DA:402,4
DA:404,0
DA:411,2
DA:412,2
DA:414,2
DA:416,2
DA:417,2
DA:419,2
DA:420,2
DA:421,4
DA:423,2
DA:425,2
DA:426,4
DA:428,2
DA:431,2
DA:432,0
DA:433,0
DA:434,0
DA:436,2
DA:437,2
DA:438,2
DA:439,2
DA:440,2
DA:441,2
DA:445,2
DA:456,0
DA:457,0
DA:459,0
DA:460,0
DA:461,0
DA:462,0
DA:463,0
DA:466,0
DA:467,0
DA:468,0
DA:469,0
DA:470,0
DA:472,0
DA:474,0
DA:476,0
DA:479,0
DA:482,0
DA:483,0
DA:486,0
DA:487,0
DA:488,0
DA:489,0
DA:492,0
DA:497,0
DA:501,0
DA:502,0
DA:503,0
DA:510,1
DA:519,1
DA:520,1
DA:522,1
DA:523,3
DA:525,1
DA:528,2
DA:531,1
DA:533,3
DA:534,3
DA:535,3
DA:539,0
DA:541,0
DA:542,0
DA:543,0
DA:544,0
DA:547,0
DA:548,0
DA:549,0
DA:550,0
DA:551,0
DA:552,0
DA:553,0
DA:554,0
DA:555,0
DA:556,0
DA:557,0
DA:558,0
DA:561,0
DA:562,0
DA:563,0
DA:564,0
DA:565,0
DA:566,0
DA:567,0
DA:570,0
DA:574,0
DA:575,0
DA:578,0
DA:579,0
DA:580,0
DA:581,0
DA:582,0
LF:284
LH:36
end_of_record
SF:lib/pages/main/messageItem.dart
DA:18,1
DA:19,1
DA:20,6
DA:23,1
DA:24,4
DA:27,0
DA:28,0
DA:31,1
DA:32,3
DA:35,1
DA:36,1
DA:37,0
DA:38,1
DA:39,1
DA:40,0
DA:41,3
DA:42,2
DA:45,1
DA:46,1
DA:47,1
DA:50,3
DA:51,3
DA:54,5
DA:57,1
DA:58,1
DA:59,1
DA:61,1
DA:63,0
DA:64,0
DA:66,0
DA:69,0
DA:73,1
DA:75,1
DA:77,0
DA:78,0
DA:80,1
DA:81,1
DA:82,1
DA:83,1
DA:84,1
DA:85,1
DA:86,1
DA:87,1
DA:89,2
DA:90,1
DA:92,1
DA:95,1
DA:96,2
DA:97,1
DA:98,3
DA:101,2
DA:104,1
DA:105,1
DA:107,1
DA:113,1
DA:114,1
DA:115,3
LF:57
LH:47
end_of_record
SF:lib/pages/main/widgets/miner/balanceMonitoring.dart
DA:31,1
DA:32,1
DA:34,1
DA:44,0
DA:45,0
DA:48,1
DA:50,1
DA:61,1
DA:63,1
DA:64,1
DA:65,0
DA:67,1
DA:68,0
DA:72,0
DA:73,0
DA:74,0
DA:75,0
DA:79,0
DA:80,0
DA:81,0
DA:83,0
DA:85,0
DA:86,0
DA:89,0
DA:90,0
DA:95,1
DA:97,1
DA:98,1
DA:99,5
DA:100,2
DA:101,2
DA:102,1
DA:103,1
DA:104,1
DA:105,1
DA:106,1
DA:108,2
DA:109,1
DA:110,1
DA:112,1
DA:115,1
DA:116,1
DA:117,1
DA:123,1
DA:124,2
DA:125,0
DA:127,0
DA:128,0
DA:129,0
DA:130,0
DA:131,0
DA:132,0
DA:135,1
DA:148,0
DA:153,0
DA:154,0
DA:155,0
DA:156,0
DA:159,0
DA:160,0
DA:162,0
DA:165,0
DA:166,0
DA:168,0
DA:169,0
DA:170,0
DA:171,0
DA:173,0
DA:174,0
DA:175,0
DA:176,0
DA:177,0
DA:178,0
DA:179,0
DA:180,0
DA:181,0
DA:182,0
DA:183,0
DA:185,0
DA:186,0
DA:187,0
DA:188,0
DA:191,0
DA:192,0
DA:193,0
DA:194,0
DA:195,0
DA:196,0
DA:198,0
DA:201,0
DA:204,0
DA:207,0
DA:208,0
DA:211,0
DA:213,0
DA:214,0
DA:215,0
DA:218,0
DA:223,0
DA:228,0
DA:229,0
DA:230,0
DA:232,0
DA:237,0
DA:238,0
DA:239,0
DA:240,0
DA:241,0
DA:247,0
DA:250,0
DA:252,0
DA:253,0
DA:254,0
DA:255,0
DA:257,0
DA:258,0
DA:259,0
DA:260,0
DA:262,0
DA:264,0
DA:267,0
DA:268,0
DA:272,0
DA:273,0
DA:275,0
DA:276,0
LF:126
LH:30
end_of_record
SF:lib/pages/main/widgets/miner/powerBoard.dart
DA:23,1
DA:25,1
DA:32,0
DA:35,1
DA:37,1
DA:40,1
DA:42,1
DA:43,1
DA:44,0
DA:46,1
DA:47,0
DA:51,1
DA:53,2
DA:54,2
DA:60,1
DA:62,1
DA:63,1
DA:64,6
DA:65,2
DA:66,2
DA:67,1
DA:68,1
DA:69,1
DA:71,1
DA:74,1
DA:75,1
DA:76,1
DA:81,1
DA:84,2
DA:85,1
DA:86,3
DA:89,5
DA:90,5
DA:92,1
DA:93,1
DA:94,1
DA:95,3
DA:97,1
DA:98,1
DA:99,3
DA:101,1
DA:102,1
DA:103,3
DA:105,1
DA:106,1
DA:107,4
DA:109,1
DA:110,1
DA:112,1
DA:113,2
DA:114,1
DA:117,1
DA:118,1
DA:120,1
DA:121,2
DA:122,1
DA:123,1
DA:125,4
DA:126,1
DA:127,1
DA:129,4
DA:130,1
DA:131,1
DA:132,1
DA:134,4
DA:135,1
DA:136,1
DA:137,1
DA:139,4
DA:140,1
DA:141,1
DA:155,1
DA:156,1
DA:158,1
DA:159,1
DA:160,1
DA:161,1
DA:162,1
DA:163,1
DA:164,1
DA:165,1
DA:169,1
DA:170,2
DA:178,1
DA:182,1
DA:184,1
DA:185,1
DA:186,2
DA:187,2
DA:188,2
LF:90
LH:87
end_of_record
SF:lib/pages/main/widgets/price.dart
DA:13,1
DA:14,1
DA:16,1
DA:23,1
DA:25,1
DA:28,1
DA:30,3
DA:31,3
DA:32,2
DA:38,1
DA:40,1
DA:41,4
DA:42,2
DA:43,3
LF:14
LH:14
end_of_record
SF:lib/pages/main/widgets/service.dart
DA:17,0
DA:18,0
DA:19,0
DA:20,0
DA:21,0
DA:22,0
DA:23,0
DA:24,0
DA:26,0
DA:28,0
DA:29,0
DA:30,0
DA:33,0
DA:36,0
DA:37,0
DA:38,0
DA:40,0
DA:41,0
DA:42,0
DA:43,0
DA:44,0
DA:45,0
DA:46,0
DA:47,0
DA:52,0
DA:55,0
DA:56,0
DA:57,0
DA:58,0
DA:59,0
DA:60,0
DA:61,0
DA:74,0
DA:75,0
DA:77,0
DA:78,0
DA:80,0
DA:81,0
DA:87,0
DA:88,0
DA:89,0
DA:90,0
DA:91,0
DA:92,0
DA:93,0
DA:94,0
DA:96,0
DA:103,0
DA:104,0
DA:106,0
DA:108,0
DA:109,0
DA:110,0
DA:111,0
DA:112,0
DA:113,0
DA:116,0
DA:118,0
DA:119,0
DA:120,0
DA:125,0
DA:128,0
DA:129,0
DA:130,0
DA:131,0
DA:132,0
DA:135,0
DA:137,0
DA:138,0
DA:139,0
DA:144,0
DA:147,0
DA:148,0
DA:149,0
DA:150,0
DA:151,0
DA:152,0
DA:156,0
DA:157,0
DA:158,0
DA:169,0
DA:170,0
DA:172,0
DA:173,0
DA:175,0
DA:176,0
DA:177,0
DA:178,0
DA:179,0
DA:180,0
DA:183,0
DA:185,0
DA:186,0
DA:187,0
DA:192,0
DA:195,0
DA:196,0
DA:197,0
DA:198,0
DA:199,0
DA:202,0
DA:204,0
DA:205,0
DA:206,0
DA:211,0
DA:214,0
DA:215,0
DA:216,0
DA:217,0
DA:218,0
DA:219,0
DA:223,0
DA:224,0
DA:225,0
DA:230,0
DA:233,0
DA:234,0
DA:235,0
DA:236,0
DA:237,0
DA:238,0
DA:242,0
DA:243,0
DA:244,0
DA:255,1
DA:257,1
DA:259,1
DA:260,1
DA:261,1
DA:262,1
DA:263,0
DA:264,0
DA:267,1
DA:269,1
DA:270,1
DA:271,1
DA:276,1
DA:279,1
DA:280,1
DA:281,1
DA:282,0
DA:283,0
DA:286,1
DA:288,1
DA:289,1
DA:290,1
LF:146
LH:18
end_of_record
SF:lib/pages/multi/main.dart
DA:43,1
DA:45,1
DA:59,1
DA:61,1
DA:62,5
DA:63,4
DA:64,2
DA:65,2
DA:68,4
DA:69,0
DA:73,0
DA:75,0
DA:76,0
DA:79,1
DA:81,1
DA:82,4
DA:85,1
DA:87,2
DA:88,1
DA:89,2
DA:90,2
DA:93,1
DA:94,1
DA:95,2
DA:96,5
DA:99,0
DA:100,0
DA:105,1
DA:107,1
DA:108,2
DA:109,2
DA:110,2
DA:111,1
DA:112,2
DA:113,1
DA:114,1
DA:116,1
DA:117,1
DA:118,1
DA:119,1
DA:120,0
DA:122,0
DA:124,0
DA:126,0
DA:128,3
DA:129,1
DA:130,1
DA:131,1
DA:132,1
DA:133,1
DA:137,3
DA:138,3
DA:139,0
DA:140,0
DA:143,1
DA:144,0
DA:145,0
DA:153,1
DA:154,1
DA:155,1
DA:157,1
DA:159,0
DA:160,0
DA:162,1
DA:163,1
DA:166,1
DA:167,1
DA:168,1
DA:170,1
DA:173,1
DA:174,1
DA:175,1
DA:176,1
DA:179,2
DA:180,1
DA:181,2
DA:182,3
DA:186,1
DA:189,1
DA:190,1
DA:191,1
DA:194,0
DA:195,0
DA:196,0
DA:197,0
DA:199,0
DA:201,0
DA:202,0
DA:203,0
DA:204,0
DA:205,0
DA:208,0
DA:209,0
DA:210,0
DA:213,0
DA:214,0
DA:215,0
DA:216,0
DA:218,0
DA:219,0
DA:220,0
DA:221,0
DA:222,0
DA:228,1
DA:231,3
DA:232,4
DA:237,1
DA:240,3
DA:241,4
DA:244,1
DA:247,3
DA:248,3
DA:249,1
DA:252,1
DA:253,1
DA:254,1
DA:256,4
DA:257,1
DA:258,1
DA:259,1
DA:261,1
DA:262,1
DA:263,1
DA:264,3
DA:265,1
DA:266,1
DA:269,1
DA:270,1
DA:271,1
DA:272,1
DA:273,1
DA:274,1
DA:276,3
DA:277,1
DA:278,1
DA:280,3
DA:281,1
DA:286,0
DA:287,0
DA:288,0
DA:289,0
DA:290,0
DA:291,0
DA:292,0
DA:295,1
DA:302,1
DA:303,1
DA:305,0
DA:307,0
DA:308,0
DA:309,0
DA:310,0
DA:311,0
DA:312,0
DA:313,0
DA:315,0
DA:316,0
DA:317,0
DA:319,0
DA:322,0
DA:325,0
DA:327,0
DA:329,0
DA:330,0
DA:331,0
DA:332,0
DA:334,0
DA:340,0
DA:352,0
DA:353,0
DA:354,0
DA:355,0
DA:356,0
DA:357,0
DA:360,0
DA:362,0
DA:363,0
DA:364,0
DA:365,0
DA:366,0
DA:367,0
DA:368,0
DA:370,0
DA:371,0
DA:372,0
DA:373,0
DA:374,0
DA:375,0
DA:376,0
DA:377,0
DA:378,0
DA:380,0
DA:381,0
DA:382,0
DA:385,0
DA:388,0
DA:389,0
DA:390,0
DA:393,0
DA:394,0
DA:395,0
DA:396,0
DA:401,0
DA:402,0
DA:403,0
DA:404,0
DA:405,0
DA:406,0
DA:411,0
DA:413,0
DA:414,0
DA:415,0
DA:416,0
DA:417,0
DA:418,0
DA:421,0
DA:423,0
DA:424,0
DA:425,0
DA:426,0
DA:429,0
DA:432,0
DA:434,0
DA:435,0
DA:437,0
DA:438,0
DA:440,0
DA:441,0
DA:442,0
DA:455,1
DA:457,1
DA:459,1
DA:460,1
DA:461,1
DA:462,1
DA:463,0
DA:464,0
DA:467,1
DA:469,1
DA:470,1
DA:471,1
DA:476,1
DA:479,1
DA:480,1
DA:481,1
DA:482,0
DA:484,0
DA:485,0
DA:487,0
DA:494,0
DA:495,0
DA:496,0
DA:500,1
DA:502,1
DA:503,1
DA:504,1
DA:533,0
DA:534,0
DA:535,0
DA:537,0
DA:538,0
DA:539,0
DA:540,0
DA:541,0
DA:543,0
DA:544,0
DA:545,0
DA:546,0
DA:547,0
DA:548,0
DA:549,0
DA:551,0
DA:552,0
DA:553,0
DA:555,0
DA:557,0
DA:558,0
DA:561,0
DA:562,0
DA:568,0
DA:569,0
DA:574,0
LF:282
LH:120
end_of_record
SF:lib/pages/message/body.dart
DA:22,1
DA:23,1
DA:30,1
DA:32,1
DA:33,2
DA:34,0
DA:38,0
DA:39,0
DA:40,0
DA:41,0
DA:42,0
DA:43,0
DA:45,0
DA:46,0
DA:47,0
DA:48,0
DA:51,0
DA:52,0
DA:53,0
DA:54,0
DA:55,0
DA:56,0
DA:57,0
DA:58,0
DA:59,0
DA:60,0
DA:61,0
DA:62,0
DA:64,0
DA:65,0
DA:66,0
DA:76,1
DA:78,1
DA:79,1
DA:80,1
DA:81,0
DA:82,0
DA:84,1
DA:85,1
DA:86,1
DA:87,1
DA:88,1
DA:89,1
DA:90,2
DA:91,1
DA:92,1
DA:96,1
DA:97,2
DA:98,1
DA:100,1
DA:102,1
DA:103,1
DA:105,1
DA:106,1
DA:107,1
DA:108,2
DA:109,3
DA:112,1
DA:113,1
DA:114,1
DA:115,1
DA:118,1
LF:62
LH:34
end_of_record
SF:lib/pages/sign/signBody.dart
DA:20,3
DA:22,3
DA:23,6
DA:24,6
DA:26,15
DA:30,3
DA:32,6
DA:35,0
DA:36,0
DA:43,3
DA:45,3
DA:46,3
DA:47,6
DA:48,3
DA:49,3
DA:50,3
DA:52,6
DA:54,3
DA:55,3
DA:57,6
DA:61,3
DA:64,3
DA:65,6
DA:66,3
DA:67,9
DA:69,9
DA:71,3
DA:72,6
DA:73,3
DA:74,3
DA:76,9
DA:78,3
DA:81,6
DA:82,3
DA:83,3
DA:85,3
DA:88,6
DA:89,3
DA:90,3
DA:91,3
DA:92,3
DA:93,18
DA:95,3
DA:97,9
DA:99,3
DA:100,3
DA:101,3
DA:102,3
DA:103,3
DA:107,3
DA:108,4
DA:113,3
DA:114,3
DA:115,3
DA:116,3
DA:117,3
LF:56
LH:54
end_of_record
SF:lib/pages/message/confirm.dart
DA:21,1
DA:23,3
DA:24,1
DA:25,1
DA:26,1
DA:27,0
DA:28,0
DA:30,2
DA:31,2
DA:32,1
DA:33,1
DA:34,2
DA:35,1
DA:36,1
DA:37,2
DA:38,0
DA:39,0
DA:40,0
DA:42,0
DA:43,0
DA:44,0
DA:45,0
DA:48,0
DA:49,0
DA:54,1
DA:55,1
DA:56,1
DA:57,1
DA:58,1
DA:59,1
DA:60,1
DA:61,1
DA:62,1
DA:63,1
DA:64,1
DA:65,1
DA:66,1
DA:68,1
DA:69,3
DA:70,1
DA:71,1
DA:75,1
DA:76,1
DA:77,2
DA:79,3
DA:83,1
DA:86,1
DA:87,1
DA:88,1
DA:91,1
DA:92,1
DA:96,4
DA:97,1
DA:100,1
DA:101,1
DA:104,1
DA:105,1
DA:109,1
DA:113,1
DA:114,2
DA:128,1
DA:129,1
DA:131,1
DA:132,1
DA:134,1
DA:135,1
DA:136,2
DA:137,1
DA:139,1
DA:140,1
DA:141,1
DA:142,2
DA:143,1
DA:144,1
DA:145,2
DA:146,1
DA:147,2
DA:148,2
DA:154,0
DA:155,0
LF:80
LH:67
end_of_record
SF:lib/pages/message/gas.dart
DA:22,1
DA:23,1
DA:33,0
DA:34,0
DA:37,0
DA:38,0
DA:41,1
DA:42,3
DA:43,3
DA:44,3
DA:45,3
DA:46,0
DA:49,4
DA:50,1
DA:51,2
DA:52,1
DA:53,2
DA:54,1
DA:55,2
DA:58,1
DA:60,1
DA:61,4
DA:64,1
DA:65,3
DA:66,4
DA:67,3
DA:70,1
DA:72,3
DA:73,1
DA:74,1
DA:75,1
DA:76,1
DA:77,1
DA:79,1
DA:80,2
DA:81,1
DA:82,1
DA:83,1
DA:84,1
DA:85,1
DA:86,2
DA:87,1
DA:88,1
DA:89,1
DA:91,1
DA:92,2
DA:93,3
DA:94,5
DA:108,1
DA:109,1
DA:110,1
DA:112,1
DA:113,2
DA:121,1
DA:122,1
DA:123,1
DA:124,1
DA:125,1
DA:126,1
DA:128,1
DA:129,2
DA:130,1
DA:133,1
DA:134,1
DA:136,1
DA:138,2
DA:140,1
DA:141,1
DA:143,1
DA:145,2
DA:147,1
DA:148,1
DA:150,1
DA:152,2
LF:74
LH:69
end_of_record
SF:lib/pages/message/push.dart
DA:36,1
DA:37,1
DA:54,0
DA:55,0
DA:56,0
DA:57,0
DA:59,0
DA:60,0
DA:64,0
DA:65,0
DA:66,0
DA:69,0
DA:70,0
DA:71,0
DA:72,0
DA:74,0
DA:75,0
DA:76,0
DA:78,0
DA:79,0
DA:81,0
DA:82,0
DA:84,0
DA:87,0
DA:88,0
DA:89,0
DA:90,0
DA:92,0
DA:99,0
DA:100,0
DA:104,0
DA:105,0
DA:106,0
DA:107,0
DA:108,0
DA:109,0
DA:110,0
DA:111,0
DA:112,0
DA:113,0
DA:115,0
DA:116,0
DA:117,0
DA:118,0
DA:119,0
DA:120,0
DA:121,0
DA:123,0
DA:126,0
DA:127,0
DA:128,0
DA:129,0
DA:130,0
DA:131,0
DA:132,0
DA:133,0
DA:135,0
DA:136,0
DA:138,0
DA:139,0
DA:140,0
DA:141,0
DA:142,0
DA:147,0
DA:148,0
DA:149,0
DA:153,0
DA:172,0
DA:173,0
DA:174,0
DA:175,0
DA:176,0
DA:177,0
DA:178,0
DA:180,0
DA:181,0
DA:185,0
DA:186,0
DA:187,0
DA:189,0
DA:192,0
DA:193,0
DA:196,0
DA:197,0
DA:201,0
DA:202,0
DA:203,0
DA:204,0
DA:206,0
DA:208,0
DA:209,0
DA:211,0
DA:212,0
DA:215,0
DA:221,0
DA:223,0
DA:224,0
DA:225,0
DA:227,0
DA:231,0
DA:232,0
DA:233,0
DA:236,0
DA:237,0
DA:239,0
DA:240,0
DA:241,0
DA:242,0
DA:245,0
DA:246,0
DA:247,0
DA:251,0
DA:254,0
DA:256,0
DA:257,0
DA:258,0
DA:259,0
DA:261,0
DA:262,0
DA:263,0
DA:267,0
DA:268,0
DA:269,0
DA:272,0
DA:274,0
DA:276,0
DA:277,0
DA:279,0
DA:280,0
DA:281,0
DA:282,0
DA:286,0
DA:287,0
DA:298,1
DA:300,1
DA:301,4
DA:302,2
DA:303,1
DA:304,1
DA:305,1
DA:306,1
DA:307,1
DA:310,0
DA:312,2
DA:313,1
DA:314,1
DA:315,2
DA:316,1
DA:317,1
DA:321,1
DA:322,2
DA:323,1
DA:325,1
DA:326,0
DA:327,0
DA:328,0
DA:329,0
DA:330,0
DA:331,0
DA:333,0
DA:334,0
DA:336,0
DA:337,0
DA:338,0
DA:339,0
DA:342,0
DA:343,0
DA:344,0
DA:345,0
DA:346,0
DA:347,0
DA:348,0
DA:349,0
DA:351,0
DA:352,0
DA:353,0
DA:354,0
DA:355,0
DA:356,0
DA:358,0
DA:359,0
DA:360,0
DA:361,0
DA:362,0
DA:371,0
DA:373,1
DA:374,1
DA:375,1
DA:376,2
DA:377,3
DA:379,1
DA:380,1
DA:384,0
DA:386,1
DA:387,0
DA:388,0
DA:390,0
DA:391,0
DA:392,0
DA:394,0
DA:398,0
DA:400,0
DA:402,0
DA:404,0
DA:405,0
DA:410,0
DA:413,1
DA:414,1
DA:415,1
DA:416,1
DA:418,1
DA:419,1
DA:428,1
DA:431,1
DA:432,1
DA:435,1
DA:438,1
LF:217
LH:40
end_of_record
SF:lib/pages/multi/create.dart
DA:36,1
DA:38,1
DA:52,1
DA:54,1
DA:55,5
DA:56,2
DA:57,4
DA:58,0
DA:62,1
DA:64,1
DA:65,2
DA:68,1
DA:69,3
DA:72,1
DA:73,2
DA:74,3
DA:75,2
DA:76,1
DA:81,1
DA:82,4
DA:83,1
DA:84,1
DA:90,3
DA:91,0
DA:94,0
DA:95,0
DA:96,0
DA:97,0
DA:98,0
DA:99,0
DA:101,0
DA:104,0
DA:105,0
DA:106,0
DA:108,0
DA:110,0
DA:111,0
DA:113,0
DA:114,0
DA:115,0
DA:118,0
DA:119,0
DA:123,0
DA:124,0
DA:125,0
DA:126,0
DA:127,0
DA:128,0
DA:129,0
DA:131,0
DA:133,0
DA:134,0
DA:135,0
DA:136,0
DA:138,0
DA:139,0
DA:144,1
DA:145,3
DA:146,3
DA:148,1
DA:149,0
DA:153,1
DA:156,0
DA:159,4
DA:160,0
DA:164,4
DA:165,4
DA:166,1
DA:174,1
DA:175,1
DA:178,1
DA:180,2
DA:181,2
DA:182,0
DA:183,0
DA:184,0
DA:187,0
DA:190,0
DA:191,0
DA:193,0
DA:194,0
DA:195,0
DA:196,0
DA:199,0
DA:200,0
DA:201,0
DA:202,0
DA:205,0
DA:206,0
DA:207,0
DA:209,2
DA:212,2
DA:213,0
DA:220,1
DA:222,3
DA:223,1
DA:224,1
DA:225,1
DA:226,1
DA:227,1
DA:229,1
DA:230,1
DA:231,1
DA:232,1
DA:233,2
DA:234,1
DA:235,1
DA:237,1
DA:238,1
DA:241,1
DA:242,1
DA:243,2
DA:244,1
DA:246,1
DA:247,1
DA:250,1
DA:251,1
DA:256,2
DA:258,1
DA:259,1
DA:261,1
DA:262,1
DA:263,1
DA:264,3
DA:267,1
DA:270,3
DA:274,1
DA:277,1
DA:278,4
DA:279,1
DA:280,1
DA:281,2
DA:282,1
DA:283,1
DA:284,1
DA:285,1
DA:288,1
DA:290,0
DA:291,0
DA:292,0
DA:294,0
DA:295,0
DA:300,1
DA:303,1
DA:304,0
DA:305,0
DA:307,0
DA:308,0
DA:309,0
DA:311,0
DA:316,1
DA:318,1
DA:320,1
DA:323,1
DA:325,0
DA:326,0
DA:327,0
DA:330,1
DA:338,1
DA:341,1
DA:342,1
DA:345,1
DA:347,1
DA:348,3
DA:349,2
DA:351,1
DA:353,1
DA:356,1
DA:357,1
DA:358,1
DA:360,2
DA:361,1
DA:363,1
DA:366,1
DA:372,1
LF:175
LH:106
end_of_record
SF:lib/pages/multi/detail.dart
DA:22,1
DA:24,1
DA:32,1
DA:34,1
DA:37,1
DA:39,2
DA:41,1
DA:42,2
DA:43,5
DA:44,1
DA:45,1
DA:46,1
DA:47,1
DA:48,1
DA:50,1
DA:52,1
DA:53,0
DA:54,0
DA:56,1
DA:58,1
DA:62,1
DA:63,1
DA:64,1
DA:65,1
DA:67,1
DA:68,1
DA:69,1
DA:72,1
DA:73,1
DA:74,1
DA:75,1
DA:77,1
DA:78,1
DA:79,1
DA:80,1
DA:81,1
DA:82,1
DA:83,4
DA:84,1
DA:87,2
DA:90,1
DA:91,1
DA:92,1
DA:93,4
DA:94,1
DA:97,2
DA:102,1
DA:103,2
DA:104,1
DA:107,1
DA:109,4
DA:110,2
DA:111,1
DA:112,0
DA:113,0
DA:114,0
DA:116,1
DA:118,1
DA:119,1
DA:120,1
DA:121,1
DA:122,1
DA:123,3
DA:125,1
DA:126,1
DA:133,1
DA:135,1
DA:136,2
LF:68
LH:63
end_of_record
SF:lib/pages/wallet/code.dart
DA:19,1
DA:21,3
DA:22,1
DA:23,1
DA:25,1
DA:27,1
DA:28,1
DA:29,0
DA:30,0
DA:32,1
DA:34,1
DA:38,1
DA:39,1
DA:40,1
DA:41,1
DA:42,1
DA:43,1
DA:44,1
DA:46,1
DA:47,2
DA:48,1
DA:51,1
DA:67,2
DA:68,2
DA:70,2
DA:71,2
DA:72,2
DA:73,2
DA:74,2
DA:75,2
DA:76,2
DA:77,2
DA:78,2
DA:79,4
DA:82,2
DA:84,2
DA:85,2
DA:86,2
DA:87,4
DA:88,4
DA:90,2
DA:91,2
DA:92,2
DA:93,4
DA:96,2
DA:97,2
DA:98,2
DA:99,2
DA:100,2
DA:101,2
DA:102,2
DA:104,2
DA:105,2
DA:106,2
DA:107,2
DA:108,2
DA:110,2
DA:112,2
DA:113,4
DA:114,2
DA:117,2
DA:118,2
DA:122,0
DA:123,0
DA:124,0
DA:128,2
DA:131,2
DA:133,2
DA:134,2
DA:136,2
DA:138,2
DA:139,2
DA:140,2
DA:141,2
DA:144,2
DA:145,2
DA:149,0
DA:150,0
LF:78
LH:71
end_of_record
SF:lib/pages/multi/import.dart
DA:22,1
DA:24,1
DA:34,1
DA:35,1
DA:36,0
DA:41,1
DA:42,3
DA:43,3
DA:44,1
DA:45,1
DA:46,0
DA:49,1
DA:50,0
DA:53,1
DA:54,0
DA:57,2
DA:58,0
DA:61,1
DA:63,3
DA:64,1
DA:65,2
DA:66,3
DA:67,4
DA:68,0
DA:70,1
DA:74,1
DA:76,1
DA:78,1
DA:79,1
DA:80,1
DA:81,1
DA:82,2
DA:83,1
DA:84,2
DA:85,2
DA:86,2
DA:89,0
DA:93,1
DA:94,4
DA:97,1
DA:99,1
DA:100,1
DA:101,1
DA:102,1
DA:103,1
DA:104,0
DA:105,0
DA:106,0
DA:107,0
DA:108,0
DA:110,0
DA:115,1
DA:116,1
DA:118,1
DA:119,2
DA:120,1
DA:123,1
DA:124,1
DA:125,1
DA:126,2
DA:127,0
DA:128,0
DA:129,0
DA:132,1
DA:133,1
DA:135,1
DA:136,1
DA:137,1
DA:139,1
DA:140,1
DA:144,1
LF:71
LH:55
end_of_record
SF:lib/pages/multi/widgets/multiMessageItem.dart
DA:21,0
DA:22,0
DA:23,0
DA:26,0
DA:27,0
DA:28,0
DA:31,0
DA:32,0
DA:33,0
DA:36,0
DA:38,0
DA:39,0
DA:42,0
DA:43,0
DA:44,0
DA:45,0
DA:46,0
DA:47,0
DA:48,0
DA:49,0
DA:52,0
DA:53,0
DA:54,0
DA:56,0
DA:59,0
DA:61,0
DA:62,0
DA:63,0
DA:64,0
DA:65,0
DA:67,0
DA:68,0
DA:69,0
DA:70,0
DA:71,0
DA:72,0
DA:73,0
DA:81,0
DA:82,0
DA:83,0
DA:87,0
DA:88,0
DA:90,0
DA:91,0
DA:92,0
DA:93,0
DA:96,0
DA:103,0
DA:104,0
DA:105,0
DA:106,0
DA:109,0
DA:110,0
DA:113,0
DA:114,0
DA:115,0
DA:116,0
DA:117,0
DA:120,0
DA:122,0
DA:124,0
DA:127,0
DA:134,0
DA:135,0
DA:137,0
DA:138,0
DA:140,0
DA:142,0
DA:143,0
DA:145,0
DA:148,0
DA:149,0
DA:151,0
DA:152,0
DA:154,0
DA:155,0
DA:156,0
DA:157,0
DA:158,0
DA:159,0
DA:160,0
DA:162,0
DA:168,0
DA:170,0
DA:172,0
DA:173,0
DA:174,0
DA:176,0
DA:177,0
DA:178,0
DA:179,0
DA:180,0
DA:181,0
DA:182,0
DA:184,0
DA:188,0
DA:189,0
DA:190,0
DA:191,0
DA:192,0
DA:193,0
DA:194,0
DA:195,0
DA:196,0
DA:198,0
DA:201,0
DA:203,0
DA:206,0
DA:209,0
DA:210,0
DA:211,0
DA:212,0
DA:213,0
DA:214,0
DA:215,0
DA:218,0
DA:219,0
DA:220,0
DA:222,0
DA:227,0
DA:230,0
DA:231,0
DA:232,0
DA:233,0
DA:234,0
DA:242,0
DA:243,0
DA:244,0
DA:246,0
DA:247,0
DA:250,0
LF:131
LH:0
end_of_record
SF:lib/pages/multi/proposalDetail.dart
DA:35,1
DA:37,1
DA:56,1
DA:58,1
DA:59,2
DA:60,0
DA:61,0
DA:62,0
DA:63,0
DA:64,0
DA:65,0
DA:67,0
DA:68,0
DA:69,0
DA:71,0
DA:72,0
DA:73,0
DA:74,0
DA:75,0
DA:76,0
DA:77,0
DA:78,0
DA:83,0
DA:85,0
DA:86,0
DA:87,0
DA:89,0
DA:90,0
DA:91,0
DA:97,1
DA:99,1
DA:100,1
DA:103,0
DA:104,0
DA:105,0
DA:106,0
DA:107,0
DA:108,0
DA:109,0
DA:110,0
DA:112,0
DA:113,0
DA:114,0
DA:115,0
DA:118,0
DA:119,0
DA:120,0
DA:121,0
DA:122,0
DA:124,0
DA:127,0
DA:129,0
DA:130,0
DA:132,0
DA:133,0
DA:135,0
DA:136,0
DA:137,0
DA:138,0
DA:139,0
DA:140,0
DA:141,0
DA:144,0
DA:145,0
DA:149,0
DA:150,0
DA:151,0
DA:152,0
DA:153,0
DA:154,0
DA:156,0
DA:157,0
DA:158,0
DA:159,0
DA:160,0
DA:161,0
DA:164,0
DA:165,0
DA:166,0
DA:167,0
DA:168,0
DA:170,0
DA:171,0
DA:172,0
DA:174,0
DA:181,0
DA:182,0
DA:183,0
DA:186,0
DA:187,0
DA:189,0
DA:194,0
DA:195,0
DA:196,0
DA:197,0
DA:200,0
DA:203,0
DA:205,0
DA:206,0
DA:208,0
DA:209,0
DA:214,0
DA:215,0
DA:217,0
DA:218,0
DA:219,0
DA:223,0
DA:224,0
DA:225,0
DA:226,0
DA:227,0
DA:230,0
DA:231,0
DA:232,0
DA:233,0
DA:236,0
DA:240,0
DA:242,1
DA:244,1
DA:245,1
DA:246,1
DA:247,0
DA:248,0
DA:250,1
DA:251,1
DA:252,1
DA:253,1
DA:254,1
DA:255,1
DA:256,1
DA:257,1
DA:258,2
DA:259,1
DA:262,3
DA:263,2
DA:264,1
DA:265,1
DA:266,1
DA:267,1
DA:268,3
DA:270,2
DA:272,1
DA:273,1
DA:274,1
DA:275,2
DA:276,2
DA:277,2
DA:278,2
DA:279,3
DA:280,2
DA:282,1
DA:283,3
DA:284,0
DA:285,0
DA:286,0
DA:287,0
DA:288,0
DA:289,0
DA:290,0
DA:291,0
DA:292,0
DA:293,0
DA:298,1
DA:299,3
DA:300,1
DA:301,0
DA:302,0
DA:303,0
DA:304,0
DA:307,1
DA:308,1
DA:309,2
DA:310,1
DA:315,1
DA:316,1
DA:320,1
DA:328,1
DA:329,0
DA:330,0
DA:333,1
DA:334,3
DA:335,1
DA:337,1
DA:338,1
DA:341,0
DA:342,0
DA:344,0
DA:345,0
DA:348,0
DA:349,0
DA:351,0
DA:352,0
DA:355,0
DA:357,0
DA:358,0
DA:365,0
DA:366,0
DA:369,1
DA:371,1
DA:373,1
DA:374,4
DA:375,1
DA:378,1
DA:379,2
DA:380,2
DA:384,1
DA:386,4
DA:396,1
DA:397,1
DA:399,1
DA:400,1
DA:401,1
DA:403,1
DA:404,1
DA:406,2
DA:408,2
DA:421,1
DA:428,1
DA:429,2
DA:430,1
DA:432,1
DA:434,0
DA:435,0
DA:437,0
DA:441,0
DA:445,1
DA:447,1
DA:449,1
DA:450,1
DA:451,1
DA:452,3
DA:453,4
DA:454,1
DA:456,1
DA:457,1
DA:460,1
DA:463,5
DA:464,1
DA:467,1
DA:469,1
DA:470,3
DA:471,1
DA:472,1
DA:473,1
DA:476,1
DA:478,0
DA:480,0
DA:481,0
DA:493,3
DA:494,0
DA:495,0
DA:496,0
DA:498,1
DA:499,3
DA:500,0
DA:501,0
DA:502,0
DA:503,0
DA:504,0
DA:505,0
DA:506,0
DA:507,0
DA:508,0
DA:510,0
DA:511,0
DA:512,0
DA:516,0
DA:522,1
DA:526,1
DA:527,3
DA:528,3
DA:529,0
DA:530,0
DA:531,0
DA:532,0
DA:533,0
DA:534,0
DA:535,0
DA:536,0
DA:538,0
DA:539,0
DA:540,0
DA:544,0
DA:550,1
DA:554,1
DA:555,3
DA:556,0
DA:557,0
DA:558,0
DA:559,0
DA:560,0
DA:561,0
DA:562,0
DA:563,0
DA:565,0
DA:566,0
DA:573,0
DA:579,1
DA:583,1
DA:584,2
DA:585,3
DA:586,0
DA:587,0
DA:588,0
DA:589,0
DA:590,0
DA:591,0
DA:592,0
DA:593,0
DA:594,0
DA:595,0
DA:597,0
DA:598,0
DA:599,0
DA:601,0
DA:602,0
DA:603,0
DA:604,0
DA:605,0
DA:606,0
DA:607,0
DA:608,0
DA:609,0
DA:610,0
DA:611,0
DA:617,0
DA:624,0
DA:630,1
DA:634,1
DA:636,1
DA:638,1
DA:639,1
DA:640,1
DA:641,1
DA:642,1
DA:643,1
LF:336
LH:124
end_of_record
SF:lib/pages/transfer/detail.dart
DA:23,1
DA:24,1
DA:30,1
DA:32,1
DA:35,0
DA:37,0
DA:38,0
DA:41,1
DA:42,3
DA:43,2
DA:44,1
DA:45,1
DA:46,1
DA:47,2
DA:48,1
DA:49,1
DA:50,1
DA:53,1
DA:54,1
DA:55,1
DA:59,1
DA:65,1
DA:69,1
DA:70,3
DA:71,1
DA:72,1
DA:73,1
DA:74,2
DA:75,1
DA:76,1
DA:77,1
DA:80,1
DA:81,1
DA:82,2
DA:86,1
DA:92,1
DA:96,1
DA:97,3
DA:98,2
DA:99,2
DA:100,1
DA:101,1
DA:102,2
DA:103,1
DA:104,1
DA:105,1
DA:106,2
DA:108,1
DA:109,1
DA:110,2
DA:112,1
DA:113,1
DA:114,2
DA:118,1
DA:124,1
DA:128,1
DA:130,3
DA:131,2
DA:132,2
DA:133,0
DA:134,0
DA:135,0
DA:136,0
DA:137,0
DA:140,0
DA:146,1
DA:150,1
DA:151,1
DA:152,3
DA:153,0
DA:154,0
DA:155,0
DA:156,0
DA:157,0
DA:159,0
DA:165,1
DA:169,1
DA:170,1
DA:171,1
DA:172,4
DA:173,1
DA:174,1
DA:175,2
DA:177,1
DA:178,1
DA:179,2
DA:180,1
DA:181,1
DA:182,1
DA:185,1
DA:186,1
DA:187,1
DA:189,1
DA:190,1
DA:191,1
DA:192,2
DA:193,0
DA:194,0
DA:195,0
DA:196,0
DA:197,0
DA:198,0
DA:199,0
DA:205,0
DA:212,1
DA:218,1
DA:222,1
DA:224,1
DA:225,5
DA:226,2
DA:227,1
DA:228,1
DA:230,1
DA:231,1
DA:232,1
DA:233,1
DA:234,1
DA:235,1
DA:236,2
DA:239,1
DA:242,1
DA:243,1
DA:244,1
DA:245,1
DA:246,1
DA:247,1
DA:248,1
DA:249,1
DA:250,1
DA:253,2
DA:254,1
DA:255,2
DA:256,2
DA:257,1
DA:258,1
DA:259,3
DA:262,1
DA:265,1
DA:266,2
DA:267,1
DA:268,1
DA:269,1
DA:271,1
DA:273,1
DA:274,1
DA:276,1
DA:278,1
DA:280,2
DA:284,3
DA:286,1
DA:289,3
DA:290,1
DA:291,1
DA:292,1
DA:294,2
DA:296,2
DA:297,1
DA:299,1
DA:312,1
DA:313,1
DA:314,3
DA:317,1
DA:318,3
DA:321,1
DA:323,1
DA:325,1
DA:326,1
DA:328,2
DA:330,1
DA:331,1
DA:332,1
DA:333,1
DA:334,1
DA:335,2
DA:336,1
DA:337,1
DA:338,2
DA:342,1
DA:344,4
DA:357,4
DA:363,4
DA:365,4
DA:366,4
DA:367,4
DA:369,4
DA:370,8
DA:371,4
DA:374,4
DA:375,4
DA:376,4
DA:377,0
DA:378,0
DA:379,0
DA:380,0
DA:383,4
DA:384,4
DA:385,4
DA:387,4
DA:400,0
DA:402,0
DA:403,0
DA:406,1
DA:407,1
DA:408,1
DA:411,1
DA:413,2
DA:414,1
DA:415,1
DA:416,1
DA:418,1
DA:420,1
DA:421,1
DA:422,1
DA:424,1
DA:425,1
DA:426,1
DA:427,1
DA:429,3
DA:431,1
DA:432,0
DA:433,0
DA:435,1
DA:439,1
DA:440,1
DA:445,1
DA:446,1
DA:447,1
DA:448,1
DA:449,1
LF:229
LH:197
end_of_record
SF:lib/pages/other/about.dart
DA:28,2
DA:30,2
DA:31,2
DA:32,2
DA:33,2
DA:34,2
DA:36,2
DA:37,0
DA:38,0
DA:43,2
DA:44,2
DA:49,2
DA:51,2
DA:52,2
DA:53,2
DA:55,2
DA:57,2
DA:58,2
DA:59,2
DA:62,2
DA:63,4
DA:64,2
DA:65,2
DA:67,2
DA:68,4
DA:71,2
DA:72,2
DA:73,2
DA:74,2
DA:75,0
DA:76,0
DA:79,2
DA:80,2
DA:81,4
DA:82,2
DA:83,2
DA:85,2
DA:89,2
DA:90,2
DA:91,0
DA:92,0
DA:94,2
DA:95,2
DA:96,4
DA:97,2
DA:98,2
DA:102,2
DA:103,2
DA:104,2
DA:105,2
DA:106,4
DA:107,2
DA:108,2
DA:110,2
DA:111,0
DA:112,0
DA:113,0
DA:115,2
DA:116,2
DA:118,2
DA:121,2
DA:123,4
LF:62
LH:53
end_of_record
SF:lib/pages/other/discovery.dart
DA:12,1
DA:14,1
DA:15,1
DA:17,1
DA:18,1
DA:19,1
DA:20,1
DA:21,1
DA:22,1
DA:23,1
DA:24,1
DA:25,0
DA:26,0
DA:31,1
DA:34,1
DA:35,1
DA:36,1
DA:37,1
DA:38,0
DA:39,0
LF:20
LH:16
end_of_record
SF:lib/pages/other/lang.dart
DA:11,1
DA:13,1
DA:19,0
DA:20,0
DA:21,0
DA:22,0
DA:24,0
DA:27,1
DA:29,1
DA:30,1
DA:33,1
DA:34,1
DA:35,1
DA:36,1
DA:37,1
DA:38,1
DA:40,0
DA:41,0
DA:44,1
DA:46,0
DA:47,0
DA:54,1
LF:22
LH:13
end_of_record
SF:lib/pages/other/notification.dart
DA:14,1
DA:16,1
DA:24,1
DA:26,1
DA:27,1
DA:28,2
DA:34,0
DA:36,0
DA:37,0
DA:38,0
DA:40,0
DA:42,0
DA:44,0
DA:47,1
DA:49,1
DA:50,1
DA:52,1
DA:53,1
DA:54,1
DA:55,2
DA:56,1
DA:57,1
DA:58,0
DA:59,1
DA:60,0
DA:61,0
DA:62,0
DA:63,0
DA:64,0
DA:66,0
DA:69,1
LF:31
LH:17
end_of_record
SF:lib/pages/other/setting.dart
DA:26,1
DA:28,1
DA:34,0
DA:35,0
DA:40,1
DA:42,1
DA:43,0
DA:44,0
DA:48,0
DA:49,0
DA:52,0
DA:53,0
DA:54,0
DA:55,0
DA:56,0
DA:57,0
DA:60,0
DA:64,0
DA:65,0
DA:66,0
DA:67,0
DA:71,1
DA:72,2
DA:73,0
DA:74,0
DA:77,0
DA:78,0
DA:79,0
DA:80,0
DA:81,0
DA:83,0
DA:84,0
DA:85,0
DA:86,0
DA:87,0
DA:89,0
DA:90,0
DA:92,0
DA:93,0
DA:95,0
DA:96,0
DA:98,0
DA:100,0
DA:101,0
DA:102,0
DA:103,0
DA:104,0
DA:105,0
DA:106,0
DA:111,0
DA:115,1
DA:117,1
DA:118,4
DA:120,2
DA:121,1
DA:122,1
DA:125,1
DA:126,1
DA:127,1
DA:128,1
DA:129,1
DA:130,1
DA:131,1
DA:132,1
DA:133,1
DA:134,1
DA:135,1
DA:136,1
DA:137,2
DA:142,1
DA:145,1
DA:146,1
DA:147,1
DA:148,1
DA:149,1
DA:150,2
DA:155,1
DA:171,1
DA:172,1
DA:173,1
DA:174,1
DA:175,1
DA:176,2
DA:181,1
DA:184,1
DA:185,1
DA:186,1
DA:187,1
DA:188,0
DA:189,0
DA:190,0
DA:191,0
DA:192,0
DA:193,0
DA:194,0
DA:195,0
DA:196,0
DA:197,0
DA:202,1
DA:205,1
DA:206,1
DA:207,1
DA:208,1
DA:209,0
DA:211,0
DA:212,0
DA:215,1
DA:216,1
DA:217,0
DA:219,0
DA:220,0
DA:223,1
DA:224,1
DA:225,1
DA:226,1
DA:228,1
DA:229,1
DA:230,1
DA:233,1
DA:234,1
DA:235,2
DA:236,0
DA:238,1
DA:239,1
DA:241,1
DA:242,2
DA:243,1
DA:253,2
DA:256,1
LF:129
LH:68
end_of_record
SF:lib/pages/pass/init.dart
DA:25,3
DA:27,3
DA:37,0
DA:38,0
DA:39,0
DA:40,0
DA:41,0
DA:43,0
DA:44,0
DA:51,3
DA:53,3
DA:54,12
DA:55,21
DA:58,0
DA:59,0
DA:62,0
DA:63,0
DA:64,0
DA:65,0
DA:66,0
DA:67,0
DA:68,0
DA:70,0
DA:71,0
DA:72,0
DA:73,0
DA:74,0
DA:75,0
DA:78,3
DA:80,3
DA:81,3
DA:82,15
DA:84,6
DA:85,3
DA:86,3
DA:87,7
DA:88,3
DA:89,3
DA:90,1
DA:91,2
DA:95,3
DA:96,3
DA:97,3
DA:98,0
DA:99,0
DA:101,3
DA:102,3
DA:103,3
DA:104,3
DA:107,3
DA:108,3
DA:109,3
DA:110,3
DA:112,3
DA:113,3
DA:114,3
DA:115,3
DA:117,3
DA:120,3
DA:122,3
DA:123,3
DA:124,3
DA:125,3
DA:132,3
DA:135,3
DA:136,3
DA:138,3
DA:142,3
LF:68
LH:44
end_of_record
SF:lib/widgets/strengthPassword.dart
DA:7,4
DA:22,4
DA:24,4
DA:25,28
DA:26,8
DA:27,14
DA:28,8
DA:29,16
DA:30,20
DA:31,4
DA:35,4
LF:11
LH:11
end_of_record
SF:lib/pages/pass/reset.dart
DA:25,1
DA:27,1
DA:37,1
DA:38,3
DA:39,3
DA:40,3
DA:41,1
DA:42,0
DA:45,2
DA:46,1
DA:48,3
DA:50,2
DA:53,0
DA:54,0
DA:57,0
DA:58,0
DA:64,1
DA:65,2
DA:69,0
DA:70,0
DA:71,0
DA:72,0
DA:75,0
DA:77,0
DA:79,0
DA:80,0
DA:81,0
DA:83,0
DA:84,0
DA:85,0
DA:86,0
DA:88,0
DA:89,0
DA:90,0
DA:94,1
DA:96,1
DA:99,1
DA:101,1
DA:102,1
DA:103,5
DA:105,2
DA:106,1
DA:107,1
DA:108,3
DA:109,3
DA:110,3
DA:111,1
DA:112,2
DA:116,1
DA:117,1
DA:118,1
DA:119,2
DA:120,1
DA:121,1
DA:122,1
DA:123,3
DA:124,1
DA:127,1
DA:128,1
DA:129,1
DA:130,1
DA:131,1
DA:132,1
DA:133,1
DA:134,1
DA:136,1
DA:139,1
DA:141,1
DA:142,1
DA:143,1
DA:144,1
DA:151,1
DA:154,1
DA:155,1
DA:156,1
DA:159,1
LF:76
LH:55
end_of_record
SF:lib/pages/sign/sign.dart
DA:26,1
DA:28,1
DA:34,0
DA:35,0
DA:36,0
DA:37,0
DA:39,0
DA:40,0
DA:41,0
DA:42,0
DA:44,0
DA:50,0
DA:51,0
DA:52,0
DA:53,0
DA:59,0
DA:60,0
DA:61,0
DA:62,0
DA:63,0
DA:65,0
DA:68,0
DA:70,0
DA:71,0
DA:75,1
DA:77,3
DA:78,1
DA:79,4
DA:80,2
DA:81,1
DA:82,1
DA:83,2
DA:85,1
DA:86,1
DA:87,0
DA:88,0
DA:89,0
DA:91,0
DA:94,0
DA:95,0
DA:99,2
DA:100,1
DA:101,1
DA:102,1
DA:103,1
DA:104,1
DA:105,0
DA:106,1
DA:107,0
DA:108,1
DA:109,0
DA:110,0
DA:111,0
DA:114,1
DA:116,1
LF:55
LH:22
end_of_record
SF:lib/pages/sign/signed.dart
DA:21,1
DA:22,1
DA:24,1
DA:25,1
DA:26,2
DA:27,1
DA:28,1
DA:32,1
DA:33,2
DA:34,1
DA:36,1
DA:38,1
DA:39,1
DA:42,2
DA:43,1
DA:44,2
DA:45,3
DA:48,1
DA:49,1
DA:50,2
DA:51,0
DA:52,0
DA:53,0
DA:55,0
DA:56,0
DA:58,0
DA:59,0
DA:60,0
DA:61,0
DA:64,0
DA:65,0
DA:66,0
DA:67,0
DA:68,0
DA:69,0
DA:71,0
DA:72,0
DA:73,0
DA:75,0
DA:76,0
DA:77,0
DA:78,0
LF:42
LH:20
end_of_record
SF:lib/pages/sign/unsigned.dart
DA:30,2
DA:31,2
DA:33,2
DA:38,2
DA:39,4
DA:51,2
DA:53,2
DA:54,8
DA:55,4
DA:56,4
DA:57,2
DA:58,2
DA:62,2
DA:63,4
DA:64,2
DA:66,2
DA:67,1
DA:68,0
DA:69,0
DA:70,0
DA:71,0
DA:72,0
DA:73,0
DA:74,0
DA:77,1
DA:78,0
DA:79,0
DA:80,0
DA:81,0
DA:83,2
DA:85,1
DA:86,1
DA:87,1
DA:88,2
DA:89,3
DA:91,1
DA:92,1
DA:96,2
DA:98,1
DA:99,0
DA:101,0
DA:102,0
DA:103,0
DA:104,0
DA:106,0
DA:110,0
DA:112,0
DA:113,0
DA:114,0
DA:117,0
DA:120,1
DA:121,1
DA:122,1
DA:123,1
DA:124,1
DA:125,1
DA:127,1
DA:128,1
DA:149,0
DA:150,0
DA:152,0
DA:163,0
DA:165,0
DA:166,0
DA:167,0
DA:168,0
DA:169,0
DA:170,0
DA:171,0
DA:173,0
DA:174,0
DA:178,0
DA:179,0
DA:181,0
DA:182,0
DA:183,0
DA:184,0
DA:185,0
DA:190,0
DA:191,0
DA:193,0
DA:194,0
DA:195,0
DA:196,0
DA:197,0
DA:204,0
DA:205,0
DA:208,0
DA:209,0
DA:210,0
DA:212,0
DA:216,0
DA:218,0
DA:219,0
DA:221,0
DA:222,0
DA:223,0
DA:224,0
DA:227,0
DA:230,0
DA:231,0
DA:232,0
DA:233,0
DA:236,0
DA:238,0
DA:240,0
DA:241,0
DA:242,0
DA:245,0
DA:247,0
DA:252,0
DA:253,0
DA:254,0
DA:255,0
DA:258,0
DA:259,0
DA:260,0
DA:265,0
DA:267,0
DA:269,0
DA:270,0
DA:271,0
DA:274,0
DA:278,0
DA:281,0
DA:283,0
DA:284,0
DA:286,0
DA:288,0
DA:290,0
DA:291,0
DA:293,0
DA:295,0
DA:298,0
DA:299,0
DA:300,0
DA:302,0
DA:303,0
DA:304,0
DA:305,0
DA:306,0
DA:308,0
LF:142
LH:36
end_of_record
SF:lib/pages/wallet/list.dart
DA:13,1
DA:15,1
DA:21,1
DA:23,1
DA:24,1
DA:25,0
DA:26,0
DA:28,1
DA:31,1
DA:33,2
DA:36,1
LF:11
LH:9
end_of_record
SF:lib/pages/wallet/manage.dart
DA:24,1
DA:26,1
DA:35,0
DA:37,0
DA:38,0
DA:39,0
DA:40,0
DA:41,0
DA:42,0
DA:44,0
DA:45,0
DA:46,0
DA:47,0
DA:48,0
DA:50,0
DA:51,0
DA:52,0
DA:53,0
DA:55,0
DA:56,0
DA:60,1
DA:62,1
DA:63,2
DA:64,2
DA:65,2
DA:66,4
DA:67,1
DA:68,1
DA:69,1
DA:70,0
DA:71,0
DA:72,0
DA:73,0
DA:74,0
DA:75,0
DA:77,1
DA:78,1
DA:79,0
DA:80,0
DA:82,0
DA:83,0
DA:84,0
DA:86,0
DA:87,0
DA:89,0
DA:93,1
DA:95,1
DA:96,1
DA:97,1
DA:98,1
DA:99,0
DA:100,0
DA:101,0
DA:102,0
DA:105,1
DA:106,1
DA:107,1
DA:108,1
DA:111,1
DA:112,1
DA:113,1
DA:114,1
DA:115,0
DA:116,1
DA:117,1
DA:122,1
DA:125,1
DA:126,1
DA:127,1
DA:128,1
DA:129,0
DA:130,0
DA:131,0
DA:133,0
DA:134,0
DA:135,0
DA:136,0
DA:137,0
DA:140,0
DA:141,0
DA:143,0
DA:145,0
DA:148,0
DA:151,0
DA:153,0
DA:154,0
DA:155,0
DA:156,0
DA:158,0
DA:159,0
DA:160,0
DA:164,0
DA:165,0
DA:168,0
DA:170,0
DA:172,0
DA:173,0
DA:175,0
DA:176,0
DA:177,0
DA:178,0
DA:182,0
DA:183,0
DA:184,0
DA:185,0
DA:188,0
DA:189,0
DA:192,0
DA:194,0
DA:195,0
DA:196,0
DA:198,0
DA:199,0
DA:200,0
DA:209,0
DA:211,1
DA:212,1
DA:213,1
DA:222,1
DA:223,3
DA:224,1
DA:225,1
DA:226,1
DA:229,1
DA:232,1
DA:235,1
DA:236,1
DA:237,1
DA:238,1
DA:239,0
DA:240,0
DA:241,0
DA:251,1
LF:133
LH:48
end_of_record
SF:lib/pages/wallet/mne.dart
DA:18,1
DA:20,1
DA:30,1
DA:32,1
DA:34,1
DA:35,1
DA:36,1
DA:37,0
DA:38,0
DA:39,0
DA:45,1
DA:47,3
DA:48,1
DA:49,1
DA:50,0
DA:51,0
DA:53,1
DA:54,1
DA:55,1
DA:56,1
DA:57,1
DA:58,1
DA:59,1
DA:60,2
DA:61,1
DA:62,0
DA:66,1
DA:80,2
DA:81,2
DA:83,2
DA:84,2
DA:85,2
DA:86,2
DA:87,2
DA:88,2
DA:89,4
DA:92,2
DA:93,2
DA:96,4
DA:99,2
DA:107,2
DA:108,2
DA:110,4
DA:111,2
DA:112,2
DA:114,2
DA:115,2
DA:116,2
DA:117,2
DA:120,2
DA:121,2
DA:122,2
DA:125,2
DA:126,2
DA:127,2
DA:130,2
DA:131,2
DA:132,2
DA:135,2
DA:138,2
DA:139,2
DA:140,2
DA:141,2
DA:142,2
DA:143,1
DA:144,2
DA:145,1
DA:147,1
DA:148,1
DA:149,1
DA:150,1
DA:151,1
DA:157,3
DA:158,1
DA:159,1
DA:160,0
DA:166,0
DA:170,2
LF:78
LH:70
end_of_record
SF:lib/pages/wallet/private.dart
DA:14,1
DA:16,1
DA:27,1
DA:29,1
DA:30,1
DA:31,1
DA:32,1
DA:33,0
DA:34,0
DA:35,0
DA:41,1
DA:43,3
DA:44,1
DA:45,1
DA:46,1
DA:47,0
DA:48,0
DA:50,1
DA:51,1
DA:52,1
DA:53,1
DA:54,1
DA:55,1
DA:56,2
DA:57,1
DA:58,0
DA:62,1
LF:27
LH:21
end_of_record
SF:lib/bloc/webview/webview_event.dart
DA:5,0
DA:11,0
LF:2
LH:0
end_of_record
SF:lib/bloc/webview/webview_bloc.dart
DA:9,0
DA:10,0
DA:11,0
DA:12,0
LF:4
LH:0
end_of_record
SF:lib/bloc/webview/webview_state.dart
DA:7,0
DA:8,0
DA:9,0
DA:11,0
DA:13,0
DA:15,0
DA:16,0
DA:17,0
DA:18,0
LF:9
LH:0
end_of_record
